#
# A fatal error has been detected by the Java Runtime Environment:
#
#  EXCEPTION_ACCESS_VIOLATION (0xc0000005) at pc=0x00007ffcebaa98ea, pid=5072, tid=11160
#
# JRE version: OpenJDK Runtime Environment (16.0.2+7) (build 16.0.2+7-67)
# Java VM: OpenJDK 64-Bit Server VM (16.0.2+7-67, mixed mode, tiered, compressed oops, compressed class ptrs, g1 gc, windows-amd64)
# Problematic frame:
# V  [jvm.dll+0x2c98ea]
#
# No core dump will be written. Minidumps are not enabled by default on client versions of Windows
#
# If you would like to submit a bug report, please visit:
#   https://bugreport.java.com/bugreport/crash.jsp
#

---------------  S U M M A R Y ------------

Command Line: -Dfile.encoding=UTF-8 -XX:+ShowCodeDetailsInExceptionMessages com.news.gabrielSoft.NewsApplication

Host: Intel(R) Core(TM) i3-3220 CPU @ 3.30GHz, 4 cores, 7G,  Windows 10 , 64 bit Build 19041 (10.0.19041.1348)
Time: Mon Nov 29 14:34:40 2021 Hora oficial do Brasil elapsed time: 72.114381 seconds (0d 0h 1m 12s)

---------------  T H R E A D  ---------------

Current thread (0x0000021375e73370):  GCTaskThread "GC Thread#0" [stack: 0x000000479a900000,0x000000479aa00000] [id=11160]

Stack: [0x000000479a900000,0x000000479aa00000],  sp=0x000000479a9ff460,  free space=1021k
Native frames: (J=compiled Java code, j=interpreted, Vv=VM code, C=native code)
V  [jvm.dll+0x2c98ea]
V  [jvm.dll+0x2cf95e]
V  [jvm.dll+0x309344]
V  [jvm.dll+0x309e27]
V  [jvm.dll+0x30be2e]
V  [jvm.dll+0x30a47d]
V  [jvm.dll+0x30b9ed]
V  [jvm.dll+0x2d6b43]
V  [jvm.dll+0x2d84ab]
V  [jvm.dll+0x7f7f0b]
V  [jvm.dll+0x7795aa]
V  [jvm.dll+0x667066]
C  [ucrtbase.dll+0x21bb2]
C  [KERNEL32.DLL+0x17034]
C  [ntdll.dll+0x52651]


siginfo: EXCEPTION_ACCESS_VIOLATION (0xc0000005), reading address 0x0000000000000000


Register to memory mapping:

RIP=0x00007ffcebaa98ea jvm.dll
RAX=0x0 is NULL
RBX=0x0000000081f99ed8 points into unknown readable memory: 0x0000000000000009 | 09 00 00 00 00 00 00 00
RCX=0x0000021375eab390 points into unknown readable memory: 0x0000000082000000 | 00 00 00 82 00 00 00 00
RDX=0x0000000081f99ed8 points into unknown readable memory: 0x0000000000000009 | 09 00 00 00 00 00 00 00
RSP=0x000000479a9ff460 points into unknown readable memory: 0x0000000081cec458 | 58 c4 ce 81 00 00 00 00
RBP=0x0000021375eab390 points into unknown readable memory: 0x0000000082000000 | 00 00 00 82 00 00 00 00
RSI=
[error occurred during error reporting (printing register info), id 0xc0000005, EXCEPTION_ACCESS_VIOLATION (0xc0000005) at pc=0x00007ffcebaa98ea]

Registers:
RAX=0x0000000000000000, RBX=0x0000000081f99ed8, RCX=0x0000021375eab390, RDX=0x0000000081f99ed8
RSP=0x000000479a9ff460, RBP=0x0000021375eab390, RSI=0x0000000082012200, RDI=0x0000000081f99ed8
R8 =0x000000000000bcd0, R9 =0x0000000000000001, R10=0x0000021375eab390, R11=0x00000213797bc091
R12=0x0000000082012400, R13=0x0000021375e44340, R14=0x0000000000000001, R15=0x000000479a9ff580
RIP=0x00007ffcebaa98ea, EFLAGS=0x0000000000010216

Top of Stack: (sp=0x000000479a9ff460)
0x000000479a9ff460:   0000000081cec458 00000000823d716d
0x000000479a9ff470:   0000000100061eb8 00007ffcebae558d
0x000000479a9ff480:   0000021375eab3b0 00007ffcebaaf95e
0x000000479a9ff490:   000000479a9ff580 0000021375eab4d0
0x000000479a9ff4a0:   0000000081cec7e0 0000000000000000
0x000000479a9ff4b0:   0000000000000040 00007ffcebae9344
0x000000479a9ff4c0:   0000021375eab390 0000021375e46ae0
0x000000479a9ff4d0:   0000021375eab4d0 0000000000000040
0x000000479a9ff4e0:   000000479a9ff730 0000000081ceb000
0x000000479a9ff4f0:   0000021311a18f80 00007ffcebadb928
0x000000479a9ff500:   0000021375e453c8 000000479a9ff730
0x000000479a9ff510:   00000213797bc000 0000000000000001
0x000000479a9ff520:   0000021375e44340 0000000000000040
0x000000479a9ff530:   000000479a9ff730 0000000082012200
0x000000479a9ff540:   0000021375eab390 00007ffcebae9e27
0x000000479a9ff550:   0000000082012200 000000479a9ff570 

Instructions: (pc=0x00007ffcebaa98ea)
0x00007ffcebaa97ea:   41 0f b6 c1 4d 8b c1 24 3f 49 c1 e8 06 0f b6 c8
0x00007ffcebaa97fa:   4a 8b 04 c2 48 0f a3 c8 72 0f 41 8b 82 cc 00 00
0x00007ffcebaa980a:   00 83 f8 29 74 03 32 c0 c3 b0 01 c3 48 8b 41 10
0x00007ffcebaa981a:   4c 3b c8 0f 92 c0 c3 48 8b 81 d0 00 00 00 4c 3b
0x00007ffcebaa982a:   08 0f 94 c0 c3 cc 48 8b 49 18 e9 07 00 00 00 cc
0x00007ffcebaa983a:   cc cc cc cc cc cc 40 57 48 83 ec 20 48 8b 41 10
0x00007ffcebaa984a:   48 8b fa 4c 8b d1 48 3b d0 75 11 48 8b 41 08 48
0x00007ffcebaa985a:   2b c2 48 c1 e8 03 48 83 c4 20 5f c3 48 8b 05 cb
0x00007ffcebaa986a:   3a 84 00 48 39 39 77 71 48 3b 79 08 73 6b 80 3d
0x00007ffcebaa987a:   82 8b 7a 00 00 74 56 48 3b b9 f0 00 00 00 73 49
0x00007ffcebaa988a:   48 8b 80 b8 04 00 00 48 8b 90 90 00 00 00 48 8b
0x00007ffcebaa989a:   c7 48 2b 42 08 8b 4a 18 48 8b 52 20 48 c1 e8 03
0x00007ffcebaa98aa:   48 d3 e8 4c 8b c0 24 3f 49 c1 e8 06 0f b6 c8 4a
0x00007ffcebaa98ba:   8b 04 c2 48 0f a3 c8 72 10 41 8b 82 cc 00 00 00
0x00007ffcebaa98ca:   83 f8 29 74 04 32 c0 eb 1d b0 01 eb 19 48 8b 41
0x00007ffcebaa98da:   10 48 3b f8 0f 92 c0 eb 0d 48 8b 81 d0 00 00 00
0x00007ffcebaa98ea:   48 3b 38 0f 94 c0 84 c0 0f 84 af 00 00 00 0f b6
0x00007ffcebaa98fa:   05 82 df 80 00 84 c0 74 16 44 8b 47 08 8b 0d 3b
0x00007ffcebaa990a:   77 7a 00 49 d3 e0 4c 03 05 29 77 7a 00 eb 04 4c
0x00007ffcebaa991a:   8b 47 08 45 8b 48 08 45 85 c9 7e 13 41 f6 c1 01
0x00007ffcebaa992a:   75 61 41 c1 f9 03 49 63 c1 48 83 c4 20 5f c3 79
0x00007ffcebaa993a:   52 84 c0 ba 0c 00 00 00 8b 05 2c 86 7a 00 b9 10
0x00007ffcebaa994a:   00 00 00 0f 45 ca ff c8 4c 63 c0 41 8b c1 48 c1
0x00007ffcebaa995a:   f8 10 48 63 14 39 41 8b c9 83 e1 3f 48 d3 e2 0f
0x00007ffcebaa996a:   b6 c8 49 8d 04 10 49 f7 d0 48 03 c8 4d 8b c8 49
0x00007ffcebaa997a:   c1 e9 03 48 c1 e9 03 44 23 c9 49 63 c1 48 83 c4
0x00007ffcebaa998a:   20 5f c3 49 8b 00 48 8b d7 49 8b c8 ff 90 f0 00
0x00007ffcebaa999a:   00 00 44 8b c8 48 98 48 83 c4 20 5f c3 48 8b 05
0x00007ffcebaa99aa:   8a 39 84 00 4d 8b 82 f0 00 00 00 48 89 5c 24 30
0x00007ffcebaa99ba:   48 8b 88 b8 04 00 00 b8 08 00 00 00 48 8b 99 90
0x00007ffcebaa99ca:   00 00 00 8b 4b 18 4c 2b 43 08 d3 e0 ff c8 49 c1
0x00007ffcebaa99da:   e8 03 4c 63 c8 49 d3 e8 49 8d 14 39 49 f7 d1 49 


Stack slot to memory mapping:
stack at sp + 0 slots: 0x0000000081cec458 is an oop: java.lang.Object 
{0x0000000081cec458} - klass: 'java/lang/Object'
stack at sp + 1 slots: 
[error occurred during error reporting (inspecting top of stack), id 0xc0000005, EXCEPTION_ACCESS_VIOLATION (0xc0000005) at pc=0x00007ffcebaa98ea]


---------------  P R O C E S S  ---------------

Threads class SMR info:
_java_thread_list=0x00000213123a0300, length=31, elements={
0x000002130f4f9420, 0x000002130f4fa560, 0x000002130f517720, 0x000002130f530d50,
0x000002130f531660, 0x0000021310000080, 0x0000021310000d70, 0x0000021310015540,
0x0000021310029b90, 0x000002131016e150, 0x000002131016fed0, 0x0000021313beabd0,
0x00000213148c0730, 0x0000021313470060, 0x000002131346eb20, 0x0000021313471050,
0x000002131346f070, 0x000002131346fb10, 0x0000021313471af0, 0x000002131346e5d0,
0x0000021314c8f010, 0x0000021314c8ab00, 0x0000021314c8a5b0, 0x0000021314c8f560,
0x0000021314c8d030, 0x0000021314c90000, 0x0000021314c8eac0, 0x0000021314c8fab0,
0x0000021314c90550, 0x0000021314c90aa0, 0x0000021314c90ff0
}

Java Threads: ( => current thread )
  0x000002130f4f9420 JavaThread "Reference Handler" daemon [_thread_blocked, id=8444, stack(0x000000479af00000,0x000000479b000000)]
  0x000002130f4fa560 JavaThread "Finalizer" daemon [_thread_blocked, id=10312, stack(0x000000479b000000,0x000000479b100000)]
  0x000002130f517720 JavaThread "Signal Dispatcher" daemon [_thread_blocked, id=11512, stack(0x000000479b100000,0x000000479b200000)]
  0x000002130f530d50 JavaThread "Attach Listener" daemon [_thread_blocked, id=6864, stack(0x000000479b200000,0x000000479b300000)]
  0x000002130f531660 JavaThread "Service Thread" daemon [_thread_blocked, id=4732, stack(0x000000479b300000,0x000000479b400000)]
  0x0000021310000080 JavaThread "Monitor Deflation Thread" daemon [_thread_blocked, id=9488, stack(0x000000479b400000,0x000000479b500000)]
  0x0000021310000d70 JavaThread "C2 CompilerThread0" daemon [_thread_blocked, id=8928, stack(0x000000479b500000,0x000000479b600000)]
  0x0000021310015540 JavaThread "C1 CompilerThread0" daemon [_thread_blocked, id=5356, stack(0x000000479b600000,0x000000479b700000)]
  0x0000021310029b90 JavaThread "Sweeper thread" daemon [_thread_blocked, id=11736, stack(0x000000479b700000,0x000000479b800000)]
  0x000002131016e150 JavaThread "Notification Thread" daemon [_thread_blocked, id=3304, stack(0x000000479b800000,0x000000479b900000)]
  0x000002131016fed0 JavaThread "Common-Cleaner" daemon [_thread_blocked, id=11784, stack(0x000000479ba00000,0x000000479bb00000)]
  0x0000021313beabd0 JavaThread "Catalina-utility-1" [_thread_blocked, id=8248, stack(0x000000479c200000,0x000000479c300000)]
  0x00000213148c0730 JavaThread "Catalina-utility-2" [_thread_blocked, id=6892, stack(0x000000479c300000,0x000000479c400000)]
  0x0000021313470060 JavaThread "container-0" [_thread_blocked, id=6456, stack(0x000000479c400000,0x000000479c500000)]
  0x000002131346eb20 JavaThread "mysql-cj-abandoned-connection-cleanup" daemon [_thread_blocked, id=4780, stack(0x000000479c500000,0x000000479c600000)]
  0x0000021313471050 JavaThread "HikariPool-1 housekeeper" daemon [_thread_blocked, id=8508, stack(0x000000479c700000,0x000000479c800000)]
  0x000002131346f070 JavaThread "Live Reload Server" daemon [_thread_in_native, id=6336, stack(0x000000479ca00000,0x000000479cb00000)]
  0x000002131346fb10 JavaThread "File Watcher" daemon [_thread_blocked, id=3600, stack(0x000000479c800000,0x000000479c900000)]
  0x0000021313471af0 JavaThread "http-nio-8080-Poller" daemon [_thread_in_native, id=220, stack(0x000000479c900000,0x000000479ca00000)]
  0x000002131346e5d0 JavaThread "http-nio-8080-Acceptor" daemon [_thread_in_native, id=2448, stack(0x000000479cb00000,0x000000479cc00000)]
  0x0000021314c8f010 JavaThread "DestroyJavaVM" [_thread_blocked, id=3196, stack(0x000000479a800000,0x000000479a900000)]
  0x0000021314c8ab00 JavaThread "http-nio-8080-exec-1" daemon [_thread_blocked, id=12120, stack(0x000000479c000000,0x000000479c100000)]
  0x0000021314c8a5b0 JavaThread "http-nio-8080-exec-2" daemon [_thread_blocked, id=6952, stack(0x000000479c100000,0x000000479c200000)]
  0x0000021314c8f560 JavaThread "http-nio-8080-exec-3" daemon [_thread_blocked, id=7600, stack(0x000000479cc00000,0x000000479cd00000)]
  0x0000021314c8d030 JavaThread "http-nio-8080-exec-4" daemon [_thread_blocked, id=10216, stack(0x000000479cd00000,0x000000479ce00000)]
  0x0000021314c90000 JavaThread "http-nio-8080-exec-5" daemon [_thread_blocked, id=11832, stack(0x000000479ce00000,0x000000479cf00000)]
  0x0000021314c8eac0 JavaThread "http-nio-8080-exec-6" daemon [_thread_blocked, id=12148, stack(0x000000479cf00000,0x000000479d000000)]
  0x0000021314c8fab0 JavaThread "http-nio-8080-exec-7" daemon [_thread_blocked, id=1884, stack(0x000000479d000000,0x000000479d100000)]
  0x0000021314c90550 JavaThread "http-nio-8080-exec-8" daemon [_thread_blocked, id=10360, stack(0x000000479d100000,0x000000479d200000)]
  0x0000021314c90aa0 JavaThread "http-nio-8080-exec-9" daemon [_thread_blocked, id=9856, stack(0x000000479bb00000,0x000000479bc00000)]
  0x0000021314c90ff0 JavaThread "http-nio-8080-exec-10" daemon [_thread_blocked, id=6972, stack(0x000000479d200000,0x000000479d300000)]

Other Threads:
  0x000002130f4e4b00 VMThread "VM Thread" [stack: 0x000000479ae00000,0x000000479af00000] [id=8220]
  0x000002131016e670 WatcherThread [stack: 0x000000479b900000,0x000000479ba00000] [id=2932]
=>0x0000021375e73370 GCTaskThread "GC Thread#0" [stack: 0x000000479a900000,0x000000479aa00000] [id=11160]
  0x000002131153e0d0 GCTaskThread "GC Thread#1" [stack: 0x000000479bc00000,0x000000479bd00000] [id=9108]
  0x000002131153e3e0 GCTaskThread "GC Thread#2" [stack: 0x000000479bd00000,0x000000479be00000] [id=7728]
  0x0000021311524fb0 GCTaskThread "GC Thread#3" [stack: 0x000000479be00000,0x000000479bf00000] [id=8556]
  0x0000021375e84b50 ConcurrentGCThread "G1 Main Marker" [stack: 0x000000479aa00000,0x000000479ab00000] [id=8712]
  0x0000021375e86650 ConcurrentGCThread "G1 Conc#0" [stack: 0x000000479ab00000,0x000000479ac00000] [id=6628]
  0x0000021375f06e50 ConcurrentGCThread "G1 Refine#0" [stack: 0x000000479ac00000,0x000000479ad00000] [id=4628]
  0x00000213115252c0 ConcurrentGCThread "G1 Refine#1" [stack: 0x000000479bf00000,0x000000479c000000] [id=7456]
  0x0000021375f078d0 ConcurrentGCThread "G1 Service" [stack: 0x000000479ad00000,0x000000479ae00000] [id=11164]

Threads with active compile tasks:

VM state: at safepoint (normal execution)

VM Mutex/Monitor currently owned by a thread:  ([mutex/lock_event])
[0x0000021375e2e420] Threads_lock - owner thread: 0x000002130f4e4b00
[0x0000021375e2f080] Heap_lock - owner thread: 0x000002131346fb10

Heap address: 0x0000000080800000, size: 2040 MB, Compressed Oops mode: 32-bit

CDS disabled.
Compressed class space mapped at: 0x0000000100000000-0x0000000140000000, reserved size: 1073741824
Narrow klass base: 0x0000000000000000, Narrow klass shift: 3, Narrow klass range: 0x140000000

GC Precious Log:
 CPUs: 4 total, 4 available
 Memory: 8154M
 Large Page Support: Disabled
 NUMA Support: Disabled
 Compressed Oops: Enabled (32-bit)
 Heap Region Size: 1M
 Heap Min Capacity: 8M
 Heap Initial Capacity: 128M
 Heap Max Capacity: 2040M
 Pre-touch: Disabled
 Parallel Workers: 4
 Concurrent Workers: 1
 Concurrent Refinement Workers: 4
 Periodic GC: Disabled

Heap:
 garbage-first heap   total 58368K, used 44915K [0x0000000080800000, 0x0000000100000000)
  region size 1024K, 17 young (17408K), 1 survivors (1024K)
 Metaspace       used 69085K, committed 69504K, reserved 1114112K
  class space    used 8634K, committed 8832K, reserved 1048576K

Heap Regions: E=young(eden), S=young(survivor), O=old, HS=humongous(starts), HC=humongous(continues), CS=collection set, F=free, OA=open archive, CA=closed archive, TAMS=top-at-mark-start (previous, next)
|   0|0x0000000080800000, 0x0000000080900000, 0x0000000080900000|100%|HS|  |TAMS 0x0000000080900000, 0x0000000080900000| Complete 
|   1|0x0000000080900000, 0x0000000080a00000, 0x0000000080a00000|100%| O|  |TAMS 0x0000000080a00000, 0x0000000080a00000| Untracked 
|   2|0x0000000080a00000, 0x0000000080b00000, 0x0000000080b00000|100%| O|  |TAMS 0x0000000080b00000, 0x0000000080b00000| Untracked 
|   3|0x0000000080b00000, 0x0000000080c00000, 0x0000000080c00000|100%| O|  |TAMS 0x0000000080c00000, 0x0000000080c00000| Untracked 
|   4|0x0000000080c00000, 0x0000000080d00000, 0x0000000080d00000|100%| O|  |TAMS 0x0000000080d00000, 0x0000000080d00000| Untracked 
|   5|0x0000000080d00000, 0x0000000080e00000, 0x0000000080e00000|100%| O|  |TAMS 0x0000000080e00000, 0x0000000080e00000| Untracked 
|   6|0x0000000080e00000, 0x0000000080e1e000, 0x0000000080f00000| 11%| O|  |TAMS 0x0000000080e1e000, 0x0000000080e1e000| Untracked 
|   7|0x0000000080f00000, 0x0000000081000000, 0x0000000081000000|100%| O|  |TAMS 0x0000000081000000, 0x0000000081000000| Untracked 
|   8|0x0000000081000000, 0x0000000081100000, 0x0000000081100000|100%| O|  |TAMS 0x0000000081100000, 0x0000000081100000| Untracked 
|   9|0x0000000081100000, 0x0000000081200000, 0x0000000081200000|100%| O|  |TAMS 0x0000000081200000, 0x0000000081200000| Untracked 
|  10|0x0000000081200000, 0x0000000081300000, 0x0000000081300000|100%| O|  |TAMS 0x0000000081300000, 0x0000000081300000| Untracked 
|  11|0x0000000081300000, 0x0000000081400000, 0x0000000081400000|100%| O|  |TAMS 0x0000000081400000, 0x0000000081400000| Untracked 
|  12|0x0000000081400000, 0x0000000081500000, 0x0000000081500000|100%| O|  |TAMS 0x0000000081500000, 0x0000000081500000| Untracked 
|  13|0x0000000081500000, 0x0000000081600000, 0x0000000081600000|100%| O|  |TAMS 0x0000000081600000, 0x0000000081600000| Untracked 
|  14|0x0000000081600000, 0x00000000816ae200, 0x0000000081700000| 68%| O|  |TAMS 0x00000000816ae200, 0x00000000816ae200| Untracked 
|  15|0x0000000081700000, 0x0000000081800000, 0x0000000081800000|100%| O|  |TAMS 0x0000000081800000, 0x0000000081800000| Untracked 
|  16|0x0000000081800000, 0x0000000081900000, 0x0000000081900000|100%| O|  |TAMS 0x0000000081900000, 0x0000000081900000| Untracked 
|  17|0x0000000081900000, 0x0000000081a00000, 0x0000000081a00000|100%| O|  |TAMS 0x0000000081a00000, 0x0000000081a00000| Untracked 
|  18|0x0000000081a00000, 0x0000000081b00000, 0x0000000081b00000|100%| O|  |TAMS 0x0000000081b00000, 0x0000000081b00000| Untracked 
|  19|0x0000000081b00000, 0x0000000081c00000, 0x0000000081c00000|100%| O|  |TAMS 0x0000000081c00000, 0x0000000081c00000| Untracked 
|  20|0x0000000081c00000, 0x0000000081d00000, 0x0000000081d00000|100%| O|  |TAMS 0x0000000081c70400, 0x0000000081d00000| Untracked 
|  21|0x0000000081d00000, 0x0000000081e00000, 0x0000000081e00000|100%| O|  |TAMS 0x0000000081d00000, 0x0000000081e00000| Untracked 
|  22|0x0000000081e00000, 0x0000000081f00000, 0x0000000081f00000|100%| O|  |TAMS 0x0000000081e00000, 0x0000000081f00000| Untracked 
|  23|0x0000000081f00000, 0x0000000082000000, 0x0000000082000000|100%| O|  |TAMS 0x0000000081f00000, 0x0000000082000000| Untracked 
|  24|0x0000000082000000, 0x0000000082100000, 0x0000000082100000|100%| O|  |TAMS 0x0000000082000000, 0x0000000082100000| Untracked 
|  25|0x0000000082100000, 0x0000000082200000, 0x0000000082200000|100%| O|  |TAMS 0x0000000082100000, 0x0000000082200000| Untracked 
|  26|0x0000000082200000, 0x0000000082300000, 0x0000000082300000|100%| O|  |TAMS 0x0000000082200000, 0x00000000822a3e00| Untracked 
|  27|0x0000000082300000, 0x0000000082400000, 0x0000000082400000|100%| O|  |TAMS 0x0000000082300000, 0x0000000082300000| Untracked 
|  28|0x0000000082400000, 0x0000000082400000, 0x0000000082500000|  0%| F|  |TAMS 0x0000000082400000, 0x0000000082400000| Untracked 
|  29|0x0000000082500000, 0x0000000082500000, 0x0000000082600000|  0%| F|  |TAMS 0x0000000082500000, 0x0000000082500000| Untracked 
|  30|0x0000000082600000, 0x0000000082600000, 0x0000000082700000|  0%| F|  |TAMS 0x0000000082600000, 0x0000000082600000| Untracked 
|  31|0x0000000082700000, 0x0000000082700000, 0x0000000082800000|  0%| F|  |TAMS 0x0000000082700000, 0x0000000082700000| Untracked 
|  32|0x0000000082800000, 0x0000000082800000, 0x0000000082900000|  0%| F|  |TAMS 0x0000000082800000, 0x0000000082800000| Untracked 
|  33|0x0000000082900000, 0x0000000082900000, 0x0000000082a00000|  0%| F|  |TAMS 0x0000000082900000, 0x0000000082900000| Untracked 
|  34|0x0000000082a00000, 0x0000000082a00000, 0x0000000082b00000|  0%| F|  |TAMS 0x0000000082a00000, 0x0000000082a00000| Untracked 
|  35|0x0000000082b00000, 0x0000000082b6cc00, 0x0000000082c00000| 42%| E|CS|TAMS 0x0000000082b00000, 0x0000000082b6cc00| Complete 
|  36|0x0000000082c00000, 0x0000000082d00000, 0x0000000082d00000|100%| E|CS|TAMS 0x0000000082c00000, 0x0000000082d00000| Complete 
|  37|0x0000000082d00000, 0x0000000082e00000, 0x0000000082e00000|100%| E|CS|TAMS 0x0000000082d00000, 0x0000000082e00000| Complete 
|  38|0x0000000082e00000, 0x0000000082e00000, 0x0000000082f00000|  0%| F|  |TAMS 0x0000000082e00000, 0x0000000082e00000| Untracked 
|  39|0x0000000082f00000, 0x0000000082f00000, 0x0000000083000000|  0%| F|  |TAMS 0x0000000082f00000, 0x0000000082f00000| Untracked 
|  40|0x0000000083000000, 0x00000000830b07c0, 0x0000000083100000| 68%| S|  |TAMS 0x0000000083000000, 0x0000000083000000| Complete 
|  41|0x0000000083100000, 0x0000000083200000, 0x0000000083200000|100%| E|CS|TAMS 0x0000000083100000, 0x0000000083200000| Complete 
|  42|0x0000000083200000, 0x0000000083300000, 0x0000000083300000|100%| E|CS|TAMS 0x0000000083200000, 0x0000000083300000| Complete 
|  43|0x0000000083300000, 0x0000000083400000, 0x0000000083400000|100%| E|CS|TAMS 0x0000000083300000, 0x0000000083400000| Complete 
|  44|0x0000000083400000, 0x0000000083500000, 0x0000000083500000|100%| E|CS|TAMS 0x0000000083400000, 0x0000000083500000| Complete 
|  45|0x0000000083500000, 0x0000000083600000, 0x0000000083600000|100%| E|CS|TAMS 0x0000000083500000, 0x0000000083600000| Complete 
|  46|0x0000000083600000, 0x0000000083700000, 0x0000000083700000|100%| E|CS|TAMS 0x0000000083600000, 0x0000000083700000| Complete 
|  47|0x0000000083700000, 0x0000000083800000, 0x0000000083800000|100%| E|CS|TAMS 0x0000000083700000, 0x0000000083800000| Complete 
|  48|0x0000000083800000, 0x0000000083900000, 0x0000000083900000|100%| E|CS|TAMS 0x0000000083800000, 0x0000000083900000| Complete 
|  49|0x0000000083900000, 0x0000000083a00000, 0x0000000083a00000|100%| E|CS|TAMS 0x0000000083900000, 0x0000000083a00000| Complete 
|  50|0x0000000083a00000, 0x0000000083b00000, 0x0000000083b00000|100%| E|CS|TAMS 0x0000000083a00000, 0x0000000083b00000| Complete 
|  51|0x0000000083b00000, 0x0000000083c00000, 0x0000000083c00000|100%| E|CS|TAMS 0x0000000083b00000, 0x0000000083c00000| Complete 
|  52|0x0000000083c00000, 0x0000000083d00000, 0x0000000083d00000|100%| E|CS|TAMS 0x0000000083c00000, 0x0000000083d00000| Complete 
|  53|0x0000000083d00000, 0x0000000083e00000, 0x0000000083e00000|100%| E|CS|TAMS 0x0000000083d00000, 0x0000000083e00000| Complete 
|  54|0x0000000083e00000, 0x0000000083f00000, 0x0000000083f00000|100%| E|CS|TAMS 0x0000000083e00000, 0x0000000083f00000| Complete 
|  66|0x0000000084a00000, 0x0000000084b00000, 0x0000000084b00000|100%| E|CS|TAMS 0x0000000084a00000, 0x0000000084b00000| Complete 
| 127|0x0000000088700000, 0x0000000088800000, 0x0000000088800000|100%| E|CS|TAMS 0x0000000088700000, 0x0000000088800000| Complete 

Card table byte_map: [0x00000213797b0000,0x0000021379bb0000] _byte_map_base: 0x00000213793ac000

Marking Bits (Prev, Next): (CMBitMap*) 0x0000021375e73aa0, (CMBitMap*) 0x0000021375e73a60
 Prev Bits: [0x000002137bf90000, 0x000002137df70000)
 Next Bits: [0x0000021379fb0000, 0x000002137bf90000)

Polling page: 0x0000021373fe0000

Metaspace:

Usage:
  Non-class:     59.03 MB used.
      Class:      8.43 MB used.
       Both:     67.47 MB used.

Virtual space:
  Non-class space:       64.00 MB reserved,      59.25 MB ( 93%) committed,  8 nodes.
      Class space:        1.00 GB reserved,       8.62 MB ( <1%) committed,  1 nodes.
              Both:        1.06 GB reserved,      67.88 MB (  6%) committed. 

Chunk freelists:
   Non-Class:  688.00 KB
       Class:  3.36 MB
        Both:  4.03 MB

MaxMetaspaceSize: 17179869184.00 GB
CompressedClassSpaceSize: 1.00 GB
 - commit_granule_bytes: 65536.
 - commit_granule_words: 8192.
 - virtual_space_node_default_size: 1048576.
 - enlarge_chunks_in_place: 1.
 - new_chunks_are_fully_committed: 0.
 - uncommit_free_chunks: 1.
 - use_allocation_guard: 0.
 - handle_deallocations: 1.


Internal statistics:

num_allocs_failed_limit: 11.
num_arena_births: 462.
num_arena_deaths: 0.
num_vsnodes_births: 9.
num_vsnodes_deaths: 0.
num_space_committed: 1086.
num_space_uncommitted: 0.
num_chunks_returned_to_freelist: 11.
num_chunks_taken_from_freelist: 2661.
num_chunk_merges: 11.
num_chunk_splits: 1912.
num_chunks_enlarged: 1520.
num_purges: 0.

CodeHeap 'non-profiled nmethods': size=120000Kb used=3215Kb max_used=3215Kb free=116784Kb
 bounds [0x0000021307ad0000, 0x0000021307e00000, 0x000002130f000000]
CodeHeap 'profiled nmethods': size=120000Kb used=11321Kb max_used=11321Kb free=108678Kb
 bounds [0x00000213005a0000, 0x00000213010c0000, 0x0000021307ad0000]
CodeHeap 'non-nmethods': size=5760Kb used=1320Kb max_used=1381Kb free=4440Kb
 bounds [0x0000021300000000, 0x0000021300270000, 0x00000213005a0000]
 total_blobs=6447 nmethods=5802 adapters=557
 compilation: enabled
              stopped_count=0, restarted_count=0
 full_count=0

Compilation events (20 events):
Event: 66.576 Thread 0x0000021310015540 6540       3       java.util.concurrent.locks.AbstractQueuedSynchronizer$Node::clearStatus (12 bytes)
Event: 66.576 Thread 0x0000021310015540 nmethod 6540 0x00000213010ab410 code [0x00000213010ab5c0, 0x00000213010ab788]
Event: 66.576 Thread 0x0000021310015540 6541       3       jdk.internal.misc.Unsafe::putIntOpaque (9 bytes)
Event: 66.577 Thread 0x0000021310015540 nmethod 6541 0x00000213010ab810 code [0x00000213010ab9a0, 0x00000213010abab8]
Event: 66.900 Thread 0x0000021310015540 6542       3       java.util.concurrent.ThreadPoolExecutor::isShutdown (12 bytes)
Event: 66.900 Thread 0x0000021310015540 nmethod 6542 0x00000213010abb90 code [0x00000213010abd40, 0x00000213010abf38]
Event: 67.584 Thread 0x0000021310015540 6543       3       java.util.concurrent.locks.LockSupport::setBlocker (12 bytes)
Event: 67.585 Thread 0x0000021310015540 nmethod 6543 0x00000213010ac010 code [0x00000213010ac1c0, 0x00000213010ac3c8]
Event: 69.576 Thread 0x0000021310015540 6544       3       java.util.concurrent.locks.AbstractQueuedSynchronizer$ConditionNode::<init> (5 bytes)
Event: 69.577 Thread 0x0000021310015540 nmethod 6544 0x00000213010ac490 code [0x00000213010ac640, 0x00000213010ac7f8]
Event: 69.577 Thread 0x0000021310015540 6545       3       java.util.concurrent.locks.AbstractQueuedSynchronizer$ConditionObject::enableWait (84 bytes)
Event: 69.578 Thread 0x0000021310015540 nmethod 6545 0x00000213010ac910 code [0x00000213010acb40, 0x00000213010ad288]
Event: 69.578 Thread 0x0000021310015540 6546       3       java.util.concurrent.locks.AbstractQueuedSynchronizer$Node::setStatusRelaxed (12 bytes)
Event: 69.578 Thread 0x0000021310015540 nmethod 6546 0x00000213010ad510 code [0x00000213010ad6a0, 0x00000213010ad7b8]
Event: 69.936 Thread 0x0000021310015540 6547   !   3       java.util.AbstractSet::equals (45 bytes)
Event: 69.937 Thread 0x0000021310015540 nmethod 6547 0x00000213010ad890 code [0x00000213010adaa0, 0x00000213010ae188]
Event: 70.572 Thread 0x0000021310015540 6548   !   3       java.util.concurrent.locks.AbstractQueuedSynchronizer::acquire (407 bytes)
Event: 70.575 Thread 0x0000021310015540 nmethod 6548 0x00000213010ae310 code [0x00000213010ae6a0, 0x00000213010b0098]
Event: 71.576 Thread 0x0000021310015540 6549       3       java.util.concurrent.TimeUnit::convert (77 bytes)
Event: 71.576 Thread 0x0000021310015540 nmethod 6549 0x00000213010b0990 code [0x00000213010b0ba0, 0x00000213010b0f68]

GC Heap History (20 events):
Event: 5.281 GC heap after
{Heap after GC invocations=9 (full 0):
 garbage-first heap   total 97280K, used 14303K [0x0000000080800000, 0x0000000100000000)
  region size 1024K, 6 young (6144K), 6 survivors (6144K)
 Metaspace       used 34003K, committed 34240K, reserved 1081344K
  class space    used 3908K, committed 4032K, reserved 1048576K
}
Event: 5.447 GC heap before
{Heap before GC invocations=9 (full 0):
 garbage-first heap   total 97280K, used 65503K [0x0000000080800000, 0x0000000100000000)
  region size 1024K, 57 young (58368K), 6 survivors (6144K)
 Metaspace       used 34737K, committed 35008K, reserved 1081344K
  class space    used 3971K, committed 4096K, reserved 1048576K
}
Event: 5.455 GC heap after
{Heap after GC invocations=10 (full 0):
 garbage-first heap   total 97280K, used 15152K [0x0000000080800000, 0x0000000100000000)
  region size 1024K, 1 young (1024K), 1 survivors (1024K)
 Metaspace       used 34737K, committed 35008K, reserved 1081344K
  class space    used 3971K, committed 4096K, reserved 1048576K
}
Event: 5.716 GC heap before
{Heap before GC invocations=10 (full 0):
 garbage-first heap   total 97280K, used 41776K [0x0000000080800000, 0x0000000100000000)
  region size 1024K, 29 young (29696K), 1 survivors (1024K)
 Metaspace       used 35583K, committed 35840K, reserved 1081344K
  class space    used 4075K, committed 4224K, reserved 1048576K
}
Event: 5.720 GC heap after
{Heap after GC invocations=11 (full 0):
 garbage-first heap   total 97280K, used 15084K [0x0000000080800000, 0x0000000100000000)
  region size 1024K, 1 young (1024K), 1 survivors (1024K)
 Metaspace       used 35583K, committed 35840K, reserved 1081344K
  class space    used 4075K, committed 4224K, reserved 1048576K
}
Event: 6.794 GC heap before
{Heap before GC invocations=12 (full 0):
 garbage-first heap   total 58368K, used 48876K [0x0000000080800000, 0x0000000100000000)
  region size 1024K, 34 young (34816K), 1 survivors (1024K)
 Metaspace       used 44250K, committed 44480K, reserved 1089536K
  class space    used 5334K, committed 5440K, reserved 1048576K
}
Event: 6.798 GC heap after
{Heap after GC invocations=13 (full 0):
 garbage-first heap   total 58368K, used 17854K [0x0000000080800000, 0x0000000100000000)
  region size 1024K, 4 young (4096K), 4 survivors (4096K)
 Metaspace       used 44250K, committed 44480K, reserved 1089536K
  class space    used 5334K, committed 5440K, reserved 1048576K
}
Event: 7.750 GC heap before
{Heap before GC invocations=13 (full 0):
 garbage-first heap   total 58368K, used 43454K [0x0000000080800000, 0x0000000100000000)
  region size 1024K, 30 young (30720K), 4 survivors (4096K)
 Metaspace       used 51879K, committed 52224K, reserved 1097728K
  class space    used 6486K, committed 6656K, reserved 1048576K
}
Event: 7.757 GC heap after
{Heap after GC invocations=14 (full 0):
 garbage-first heap   total 58368K, used 19969K [0x0000000080800000, 0x0000000100000000)
  region size 1024K, 3 young (3072K), 3 survivors (3072K)
 Metaspace       used 51879K, committed 52224K, reserved 1097728K
  class space    used 6486K, committed 6656K, reserved 1048576K
}
Event: 11.021 GC heap before
{Heap before GC invocations=14 (full 0):
 garbage-first heap   total 58368K, used 42497K [0x0000000080800000, 0x0000000100000000)
  region size 1024K, 26 young (26624K), 3 survivors (3072K)
 Metaspace       used 56164K, committed 56576K, reserved 1105920K
  class space    used 7052K, committed 7232K, reserved 1048576K
}
Event: 11.028 GC heap after
{Heap after GC invocations=15 (full 0):
 garbage-first heap   total 58368K, used 21374K [0x0000000080800000, 0x0000000100000000)
  region size 1024K, 4 young (4096K), 4 survivors (4096K)
 Metaspace       used 56164K, committed 56576K, reserved 1105920K
  class space    used 7052K, committed 7232K, reserved 1048576K
}
Event: 11.529 GC heap before
{Heap before GC invocations=15 (full 0):
 garbage-first heap   total 58368K, used 43902K [0x0000000080800000, 0x0000000100000000)
  region size 1024K, 26 young (26624K), 4 survivors (4096K)
 Metaspace       used 57810K, committed 58176K, reserved 1105920K
  class space    used 7279K, committed 7424K, reserved 1048576K
}
Event: 11.536 GC heap after
{Heap after GC invocations=16 (full 0):
 garbage-first heap   total 58368K, used 22631K [0x0000000080800000, 0x0000000100000000)
  region size 1024K, 3 young (3072K), 3 survivors (3072K)
 Metaspace       used 57810K, committed 58176K, reserved 1105920K
  class space    used 7279K, committed 7424K, reserved 1048576K
}
Event: 12.172 GC heap before
{Heap before GC invocations=16 (full 0):
 garbage-first heap   total 58368K, used 34919K [0x0000000080800000, 0x0000000100000000)
  region size 1024K, 16 young (16384K), 3 survivors (3072K)
 Metaspace       used 59547K, committed 59840K, reserved 1105920K
  class space    used 7516K, committed 7680K, reserved 1048576K
}
Event: 12.178 GC heap after
{Heap after GC invocations=17 (full 0):
 garbage-first heap   total 58368K, used 24044K [0x0000000080800000, 0x0000000100000000)
  region size 1024K, 3 young (3072K), 3 survivors (3072K)
 Metaspace       used 59547K, committed 59840K, reserved 1105920K
  class space    used 7516K, committed 7680K, reserved 1048576K
}
Event: 13.037 GC heap before
{Heap before GC invocations=18 (full 0):
 garbage-first heap   total 58368K, used 43500K [0x0000000080800000, 0x0000000100000000)
  region size 1024K, 23 young (23552K), 3 survivors (3072K)
 Metaspace       used 63127K, committed 63552K, reserved 1105920K
  class space    used 8002K, committed 8192K, reserved 1048576K
}
Event: 13.045 GC heap after
{Heap after GC invocations=19 (full 0):
 garbage-first heap   total 58368K, used 25968K [0x0000000080800000, 0x0000000100000000)
  region size 1024K, 3 young (3072K), 3 survivors (3072K)
 Metaspace       used 63127K, committed 63552K, reserved 1105920K
  class space    used 8002K, committed 8192K, reserved 1048576K
}
Event: 17.341 GC heap before
{Heap before GC invocations=19 (full 0):
 garbage-first heap   total 58368K, used 45424K [0x0000000080800000, 0x0000000100000000)
  region size 1024K, 22 young (22528K), 3 survivors (3072K)
 Metaspace       used 67629K, committed 67968K, reserved 1114112K
  class space    used 8529K, committed 8704K, reserved 1048576K
}
Event: 17.348 GC heap after
{Heap after GC invocations=20 (full 0):
 garbage-first heap   total 58368K, used 28531K [0x0000000080800000, 0x0000000100000000)
  region size 1024K, 3 young (3072K), 3 survivors (3072K)
 Metaspace       used 67629K, committed 67968K, reserved 1114112K
  class space    used 8529K, committed 8704K, reserved 1048576K
}
Event: 72.021 GC heap before
{Heap before GC invocations=20 (full 0):
 garbage-first heap   total 58368K, used 43891K [0x0000000080800000, 0x0000000100000000)
  region size 1024K, 19 young (19456K), 3 survivors (3072K)
 Metaspace       used 69085K, committed 69504K, reserved 1114112K
  class space    used 8634K, committed 8832K, reserved 1048576K
}

Deoptimization events (20 events):
Event: 25.705 Thread 0x0000021313beabd0 Uncommon trap: trap_request=0xffffffbe fr.pc=0x0000021307c929e0 relative=0x00000000000025c0
Event: 25.705 Thread 0x0000021313beabd0 Uncommon trap: reason=profile_predicate action=maybe_recompile pc=0x0000021307c929e0 method=java.util.TreeMap.put(Ljava/lang/Object;Ljava/lang/Object;Z)Ljava/lang/Object; @ 27 c2
Event: 25.705 Thread 0x0000021313beabd0 DEOPT PACKING pc=0x0000021307c929e0 sp=0x000000479c2fea10
Event: 25.705 Thread 0x0000021313beabd0 DEOPT UNPACKING pc=0x000002130004d72e sp=0x000000479c2fea10 mode 2
Event: 25.705 Thread 0x0000021313beabd0 Uncommon trap: trap_request=0xffffffbe fr.pc=0x0000021307c929e0 relative=0x00000000000025c0
Event: 25.705 Thread 0x0000021313beabd0 Uncommon trap: reason=profile_predicate action=maybe_recompile pc=0x0000021307c929e0 method=java.util.TreeMap.put(Ljava/lang/Object;Ljava/lang/Object;Z)Ljava/lang/Object; @ 27 c2
Event: 25.705 Thread 0x0000021313beabd0 DEOPT PACKING pc=0x0000021307c929e0 sp=0x000000479c2fea10
Event: 25.705 Thread 0x0000021313beabd0 DEOPT UNPACKING pc=0x000002130004d72e sp=0x000000479c2fea10 mode 2
Event: 25.705 Thread 0x0000021313beabd0 Uncommon trap: trap_request=0xffffffbe fr.pc=0x0000021307c929e0 relative=0x00000000000025c0
Event: 25.705 Thread 0x0000021313beabd0 Uncommon trap: reason=profile_predicate action=maybe_recompile pc=0x0000021307c929e0 method=java.util.TreeMap.put(Ljava/lang/Object;Ljava/lang/Object;Z)Ljava/lang/Object; @ 27 c2
Event: 25.705 Thread 0x0000021313beabd0 DEOPT PACKING pc=0x0000021307c929e0 sp=0x000000479c2fea10
Event: 25.705 Thread 0x0000021313beabd0 DEOPT UNPACKING pc=0x000002130004d72e sp=0x000000479c2fea10 mode 2
Event: 28.912 Thread 0x0000021314c8d030 Uncommon trap: trap_request=0xffffff6e fr.pc=0x0000021307b990c8 relative=0x0000000000000468
Event: 28.912 Thread 0x0000021314c8d030 Uncommon trap: reason=loop_limit_check action=maybe_recompile pc=0x0000021307b990c8 method=org.attoparser.util.TextUtil.equals(Z[CII[CII)Z @ 68 c2
Event: 28.912 Thread 0x0000021314c8d030 DEOPT PACKING pc=0x0000021307b990c8 sp=0x000000479cdfbc10
Event: 28.912 Thread 0x0000021314c8d030 DEOPT UNPACKING pc=0x000002130004d72e sp=0x000000479cdfbb08 mode 2
Event: 28.922 Thread 0x0000021314c8d030 DEOPT PACKING pc=0x0000021300dde937 sp=0x000000479cdfb530
Event: 28.922 Thread 0x0000021314c8d030 DEOPT UNPACKING pc=0x000002130004dece sp=0x000000479cdfaa98 mode 0
Event: 35.339 Thread 0x0000021314c8fab0 DEOPT PACKING pc=0x00000213006a8779 sp=0x000000479d0fbca0
Event: 35.339 Thread 0x0000021314c8fab0 DEOPT UNPACKING pc=0x000002130004dece sp=0x000000479d0fb1d0 mode 0

Classes unloaded (0 events):
No events

Classes redefined (0 events):
No events

Internal exceptions (20 events):
Event: 11.500 Thread 0x000002131144e570 Exception <a 'java/lang/ClassNotFoundException'{0x0000000082b708a0}: org/springframework/beans/factory/AwareCustomizer> (0x0000000082b708a0) 
thrown [t:\workspace\open\src\hotspot\share\classfile\systemDictionary.cpp, line 256]
Event: 11.882 Thread 0x000002131144e570 Exception <a 'java/lang/NoSuchMethodError'{0x0000000083ba8168}: 'void java.lang.invoke.DirectMethodHandle$Holder.invokeVirtual(java.lang.Object, java.lang.Object, int)'> (0x0000000083ba8168) 
thrown [t:\workspace\open\src\hotspot\share\interpreter\linkResolver.cpp, line 790]
Event: 11.886 Thread 0x000002131144e570 Exception <a 'java/lang/NoSuchMethodError'{0x0000000083bc3480}: 'void java.lang.invoke.DirectMethodHandle$Holder.invokeVirtual(java.lang.Object, java.lang.Object, long)'> (0x0000000083bc3480) 
thrown [t:\workspace\open\src\hotspot\share\interpreter\linkResolver.cpp, line 790]
Event: 12.153 Thread 0x000002131144e570 Exception <a 'java/lang/IncompatibleClassChangeError'{0x00000000835d5870}: Found class java.lang.Object, but interface was expected> (0x00000000835d5870) 
thrown [t:\workspace\open\src\hotspot\share\interpreter\linkResolver.cpp, line 857]
Event: 12.245 Thread 0x000002131144e570 Exception <a 'java/lang/NoSuchMethodError'{0x00000000887f66a0}: 'int java.lang.invoke.DirectMethodHandle$Holder.invokeStaticInit(java.lang.Object, java.lang.Object, java.lang.Object, java.lang.Object)'> (0x00000000887f66a0) 
thrown [t:\workspace\open\src\hotspot\share\interpreter\linkResolver.cpp, line 790]
Event: 12.484 Thread 0x000002131144e570 Exception <a 'java/lang/NoSuchMethodError'{0x000000008396c750}: 'java.lang.Object java.lang.invoke.DirectMethodHandle$Holder.invokeSpecial(java.lang.Object, java.lang.Object, int, java.lang.Object, int, java.lang.Object)'> (0x000000008396c750) 
thrown [t:\workspace\open\src\hotspot\share\interpreter\linkResolver.cpp, line 790]
Event: 12.485 Thread 0x000002131144e570 Exception <a 'java/lang/NoSuchMethodError'{0x0000000083974db8}: 'java.lang.Object java.lang.invoke.DirectMethodHandle$Holder.newInvokeSpecial(java.lang.Object, java.lang.Object, int, java.lang.Object, int)'> (0x0000000083974db8) 
thrown [t:\workspace\open\src\hotspot\share\interpreter\linkResolver.cpp, line 790]
Event: 12.486 Thread 0x000002131144e570 Exception <a 'java/lang/NoSuchMethodError'{0x0000000083978fc8}: 'java.lang.Object java.lang.invoke.DirectMethodHandle$Holder.invokeSpecial(java.lang.Object, java.lang.Object, java.lang.Object, int, java.lang.Object, int)'> (0x0000000083978fc8) 
thrown [t:\workspace\open\src\hotspot\share\interpreter\linkResolver.cpp, line 790]
Event: 12.488 Thread 0x000002131144e570 Exception <a 'java/lang/NoSuchMethodError'{0x0000000083983488}: 'void java.lang.invoke.DirectMethodHandle$Holder.invokeVirtual(java.lang.Object, java.lang.Object)'> (0x0000000083983488) 
thrown [t:\workspace\open\src\hotspot\share\interpreter\linkResolver.cpp, line 790]
Event: 12.817 Thread 0x0000021314c8ab00 Exception <a 'java/lang/NullPointerException'{0x0000000082ea4c30}> (0x0000000082ea4c30) 
thrown [t:\workspace\open\src\hotspot\share\interpreter\linkResolver.cpp, line 1385]
Event: 12.851 Thread 0x0000021314c8a5b0 Exception <a 'java/lang/NullPointerException'{0x0000000082d2b568}> (0x0000000082d2b568) 
thrown [t:\workspace\open\src\hotspot\share\interpreter\linkResolver.cpp, line 1385]
Event: 15.867 Thread 0x0000021314c90aa0 Exception <a 'java/lang/ClassNotFoundException'{0x00000000836b3f28}: java/lang/ObjectCustomizer> (0x00000000836b3f28) 
thrown [t:\workspace\open\src\hotspot\share\classfile\systemDictionary.cpp, line 256]
Event: 15.869 Thread 0x0000021314c90aa0 Exception <a 'java/lang/ClassNotFoundException'{0x00000000836bf540}: com/news/gabrielSoft/entity/UserEntityCustomizer> (0x00000000836bf540) 
thrown [t:\workspace\open\src\hotspot\share\classfile\systemDictionary.cpp, line 256]
Event: 16.067 Thread 0x0000021314c90aa0 Exception <a 'java/lang/NoSuchMethodError'{0x0000000082f0c9d0}: 'java.lang.Object java.lang.invoke.DirectMethodHandle$Holder.invokeStaticInit(java.lang.Object, java.lang.Object, java.lang.Object, java.lang.Object, java.lang.Object, java.lang.Object)'> (0x0000000082f0c9d0) 
thrown [t:\workspace\open\src\hotspot\share\interpreter\linkResolver.cpp, line 790]
Event: 16.115 Thread 0x0000021314c90ff0 Exception <a 'java/lang/NoSuchMethodError'{0x0000000082fe58e8}: 'java.lang.Object java.lang.invoke.DirectMethodHandle$Holder.invokeInterface(java.lang.Object, java.lang.Object, java.lang.Object, java.lang.Object)'> (0x0000000082fe58e8) 
thrown [t:\workspace\open\src\hotspot\share\interpreter\linkResolver.cpp, line 790]
Event: 16.137 Thread 0x0000021314c90ff0 Implicit null exception at 0x0000021307bf2bbd to 0x0000021307bf2c6e
Event: 20.626 Thread 0x0000021314c8d030 Exception <a 'java/lang/ClassNotFoundException'{0x0000000084a736d8}: java/lang/ObjectCustomizer> (0x0000000084a736d8) 
thrown [t:\workspace\open\src\hotspot\share\classfile\systemDictionary.cpp, line 256]
Event: 20.628 Thread 0x0000021314c8d030 Exception <a 'java/lang/ClassNotFoundException'{0x0000000084a7e560}: com/news/gabrielSoft/entity/PostIndexEntityCustomizer> (0x0000000084a7e560) 
thrown [t:\workspace\open\src\hotspot\share\classfile\systemDictionary.cpp, line 256]
Event: 31.054 Thread 0x0000021314c90ff0 Exception <a 'java/lang/ClassNotFoundException'{0x0000000083807b00}: java/lang/ObjectCustomizer> (0x0000000083807b00) 
thrown [t:\workspace\open\src\hotspot\share\classfile\systemDictionary.cpp, line 256]
Event: 31.056 Thread 0x0000021314c90ff0 Exception <a 'java/lang/ClassNotFoundException'{0x00000000838125c8}: com/news/gabrielSoft/entity/CommentEntityCustomizer> (0x00000000838125c8) 
thrown [t:\workspace\open\src\hotspot\share\classfile\systemDictionary.cpp, line 256]

Events (20 events):
Event: 31.462 Executing  VM operation: Cleanup
Event: 31.462 Executing  VM operation: Cleanup done
Event: 32.476 Thread 0x0000021310990c30 Thread exited: 0x0000021310990c30
Event: 32.554 Thread 0x00000213109906a0 Thread added: 0x00000213109906a0
Event: 33.472 Executing  VM operation: Cleanup
Event: 33.473 Executing  VM operation: Cleanup done
Event: 33.528 Thread 0x00000213109906a0 Thread exited: 0x00000213109906a0
Event: 34.479 Executing  VM operation: Cleanup
Event: 34.479 Executing  VM operation: Cleanup done
Event: 35.482 Executing  VM operation: Cleanup
Event: 35.482 Executing  VM operation: Cleanup done
Event: 36.495 Executing  VM operation: Cleanup
Event: 36.495 Executing  VM operation: Cleanup done
Event: 43.556 Executing  VM operation: Cleanup
Event: 43.557 Executing  VM operation: Cleanup done
Event: 65.781 Executing  VM operation: Cleanup
Event: 65.781 Executing  VM operation: Cleanup done
Event: 71.831 Executing  VM operation: Cleanup
Event: 71.831 Executing  VM operation: Cleanup done
Event: 72.021 Executing  VM operation: G1CollectForAllocation


Dynamic libraries:
0x00007ff7b5cc0000 - 0x00007ff7b5cce000 	C:\Users\gabri\.p2\pool\plugins\org.eclipse.justj.openjdk.hotspot.jre.full.win32.x86_64_16.0.2.v20210721-1149\jre\bin\javaw.exe
0x00007ffd3def0000 - 0x00007ffd3e0e5000 	C:\WINDOWS\SYSTEM32\ntdll.dll
0x00007ffd3c090000 - 0x00007ffd3c14e000 	C:\WINDOWS\System32\KERNEL32.DLL
0x00007ffd3bb20000 - 0x00007ffd3bde8000 	C:\WINDOWS\System32\KERNELBASE.dll
0x00007ffd3bdf0000 - 0x00007ffd3bef0000 	C:\WINDOWS\System32\ucrtbase.dll
0x00007ffd24040000 - 0x00007ffd24058000 	C:\Users\gabri\.p2\pool\plugins\org.eclipse.justj.openjdk.hotspot.jre.full.win32.x86_64_16.0.2.v20210721-1149\jre\bin\jli.dll
0x00007ffd3cd40000 - 0x00007ffd3cee1000 	C:\WINDOWS\System32\USER32.dll
0x00007ffd3b610000 - 0x00007ffd3b632000 	C:\WINDOWS\System32\win32u.dll
0x00007ffd3c5e0000 - 0x00007ffd3c60b000 	C:\WINDOWS\System32\GDI32.dll
0x00007ffd3b850000 - 0x00007ffd3b95b000 	C:\WINDOWS\System32\gdi32full.dll
0x00007ffd3b9c0000 - 0x00007ffd3ba5d000 	C:\WINDOWS\System32\msvcp_win.dll
0x00007ffd23f10000 - 0x00007ffd23f29000 	C:\Users\gabri\.p2\pool\plugins\org.eclipse.justj.openjdk.hotspot.jre.full.win32.x86_64_16.0.2.v20210721-1149\jre\bin\VCRUNTIME140.dll
0x00007ffd2c090000 - 0x00007ffd2c32a000 	C:\WINDOWS\WinSxS\amd64_microsoft.windows.common-controls_6595b64144ccf1df_6.0.19041.1110_none_60b5254171f9507e\COMCTL32.dll
0x00007ffd3bff0000 - 0x00007ffd3c08e000 	C:\WINDOWS\System32\msvcrt.dll
0x00007ffd3de80000 - 0x00007ffd3deb0000 	C:\WINDOWS\System32\IMM32.DLL
0x00007ffd2ca90000 - 0x00007ffd2ca9c000 	C:\Users\gabri\.p2\pool\plugins\org.eclipse.justj.openjdk.hotspot.jre.full.win32.x86_64_16.0.2.v20210721-1149\jre\bin\vcruntime140_1.dll
0x00007ffd127b0000 - 0x00007ffd12841000 	C:\Users\gabri\.p2\pool\plugins\org.eclipse.justj.openjdk.hotspot.jre.full.win32.x86_64_16.0.2.v20210721-1149\jre\bin\msvcp140.dll
0x00007ffceb7e0000 - 0x00007ffcec38b000 	C:\Users\gabri\.p2\pool\plugins\org.eclipse.justj.openjdk.hotspot.jre.full.win32.x86_64_16.0.2.v20210721-1149\jre\bin\server\jvm.dll
0x00007ffd3bf40000 - 0x00007ffd3bfec000 	C:\WINDOWS\System32\ADVAPI32.dll
0x00007ffd3d3b0000 - 0x00007ffd3d44b000 	C:\WINDOWS\System32\sechost.dll
0x00007ffd3dca0000 - 0x00007ffd3ddca000 	C:\WINDOWS\System32\RPCRT4.dll
0x00007ffd3cbe0000 - 0x00007ffd3cbe8000 	C:\WINDOWS\System32\PSAPI.DLL
0x00007ffd2d870000 - 0x00007ffd2d879000 	C:\WINDOWS\SYSTEM32\WSOCK32.dll
0x00007ffd3cb70000 - 0x00007ffd3cbdb000 	C:\WINDOWS\System32\WS2_32.dll
0x00007ffd32440000 - 0x00007ffd32467000 	C:\WINDOWS\SYSTEM32\WINMM.dll
0x00007ffd359b0000 - 0x00007ffd359ba000 	C:\WINDOWS\SYSTEM32\VERSION.dll
0x00007ffd39450000 - 0x00007ffd39462000 	C:\WINDOWS\SYSTEM32\kernel.appcore.dll
0x00007ffd24d40000 - 0x00007ffd24d4a000 	C:\Users\gabri\.p2\pool\plugins\org.eclipse.justj.openjdk.hotspot.jre.full.win32.x86_64_16.0.2.v20210721-1149\jre\bin\jimage.dll
0x00007ffd2c890000 - 0x00007ffd2ca74000 	C:\WINDOWS\SYSTEM32\DBGHELP.DLL
0x00007ffd2d4d0000 - 0x00007ffd2d4fc000 	C:\WINDOWS\SYSTEM32\dbgcore.DLL
0x00007ffd3ba60000 - 0x00007ffd3bae3000 	C:\WINDOWS\System32\bcryptPrimitives.dll
0x00007ffd24660000 - 0x00007ffd24685000 	C:\Users\gabri\.p2\pool\plugins\org.eclipse.justj.openjdk.hotspot.jre.full.win32.x86_64_16.0.2.v20210721-1149\jre\bin\java.dll
0x00007ffd24000000 - 0x00007ffd24018000 	C:\Users\gabri\.p2\pool\plugins\org.eclipse.justj.openjdk.hotspot.jre.full.win32.x86_64_16.0.2.v20210721-1149\jre\bin\zip.dll
0x00007ffd3d500000 - 0x00007ffd3dc3f000 	C:\WINDOWS\System32\SHELL32.dll
0x00007ffd39730000 - 0x00007ffd39ec0000 	C:\WINDOWS\SYSTEM32\windows.storage.dll
0x00007ffd3d050000 - 0x00007ffd3d3a5000 	C:\WINDOWS\System32\combase.dll
0x00007ffd3af90000 - 0x00007ffd3afbe000 	C:\WINDOWS\SYSTEM32\Wldp.dll
0x00007ffd3d450000 - 0x00007ffd3d4fd000 	C:\WINDOWS\System32\SHCORE.dll
0x00007ffd3cff0000 - 0x00007ffd3d045000 	C:\WINDOWS\System32\shlwapi.dll
0x00007ffd3b550000 - 0x00007ffd3b56f000 	C:\WINDOWS\SYSTEM32\profapi.dll
0x00007ffd23bc0000 - 0x00007ffd23bd9000 	C:\Users\gabri\.p2\pool\plugins\org.eclipse.justj.openjdk.hotspot.jre.full.win32.x86_64_16.0.2.v20210721-1149\jre\bin\net.dll
0x00007ffd34ec0000 - 0x00007ffd34fcc000 	C:\WINDOWS\SYSTEM32\WINHTTP.dll
0x00007ffd3acf0000 - 0x00007ffd3ad5a000 	C:\WINDOWS\system32\mswsock.dll
0x00007ffd23ba0000 - 0x00007ffd23bb3000 	C:\Users\gabri\.p2\pool\plugins\org.eclipse.justj.openjdk.hotspot.jre.full.win32.x86_64_16.0.2.v20210721-1149\jre\bin\nio.dll
0x00007ffd24750000 - 0x00007ffd24760000 	C:\Users\gabri\.p2\pool\plugins\org.eclipse.justj.openjdk.hotspot.jre.full.win32.x86_64_16.0.2.v20210721-1149\jre\bin\verify.dll
0x00007ffd246a0000 - 0x00007ffd246a9000 	C:\Users\gabri\.p2\pool\plugins\org.eclipse.justj.openjdk.hotspot.jre.full.win32.x86_64_16.0.2.v20210721-1149\jre\bin\management.dll
0x00007ffd24650000 - 0x00007ffd2465b000 	C:\Users\gabri\.p2\pool\plugins\org.eclipse.justj.openjdk.hotspot.jre.full.win32.x86_64_16.0.2.v20210721-1149\jre\bin\management_ext.dll
0x00007ffd12740000 - 0x00007ffd12757000 	C:\WINDOWS\system32\napinsp.dll
0x00007ffd0dd20000 - 0x00007ffd0dd3b000 	C:\WINDOWS\system32\pnrpnsp.dll
0x00007ffd283b0000 - 0x00007ffd283c5000 	C:\WINDOWS\system32\wshbth.dll
0x00007ffd37390000 - 0x00007ffd373ad000 	C:\WINDOWS\system32\NLAapi.dll
0x00007ffd3a9e0000 - 0x00007ffd3aa1b000 	C:\WINDOWS\SYSTEM32\IPHLPAPI.DLL
0x00007ffd3aa20000 - 0x00007ffd3aaeb000 	C:\WINDOWS\SYSTEM32\DNSAPI.dll
0x00007ffd3cd30000 - 0x00007ffd3cd38000 	C:\WINDOWS\System32\NSI.dll
0x00007ffd0dd00000 - 0x00007ffd0dd12000 	C:\WINDOWS\System32\winrnr.dll
0x00007ffd34db0000 - 0x00007ffd34dba000 	C:\Windows\System32\rasadhlp.dll
0x00007ffd34d10000 - 0x00007ffd34d8f000 	C:\WINDOWS\System32\fwpuclnt.dll
0x00007ffd3baf0000 - 0x00007ffd3bb17000 	C:\WINDOWS\System32\bcrypt.dll
0x00007ffd3aee0000 - 0x00007ffd3aef8000 	C:\WINDOWS\SYSTEM32\CRYPTSP.dll
0x00007ffd3a670000 - 0x00007ffd3a6a4000 	C:\WINDOWS\system32\rsaenh.dll
0x00007ffd3b480000 - 0x00007ffd3b4ae000 	C:\WINDOWS\SYSTEM32\USERENV.dll
0x00007ffd3af00000 - 0x00007ffd3af0c000 	C:\WINDOWS\SYSTEM32\CRYPTBASE.dll
0x00007ffd359c0000 - 0x00007ffd359d7000 	C:\WINDOWS\SYSTEM32\dhcpcsvc6.DLL
0x00007ffd35990000 - 0x00007ffd359ad000 	C:\WINDOWS\SYSTEM32\dhcpcsvc.DLL
0x00007ffd249a0000 - 0x00007ffd249ae000 	C:\Users\gabri\.p2\pool\plugins\org.eclipse.justj.openjdk.hotspot.jre.full.win32.x86_64_16.0.2.v20210721-1149\jre\bin\sunmscapi.dll
0x00007ffd3b640000 - 0x00007ffd3b796000 	C:\WINDOWS\System32\CRYPT32.dll
0x00007ffd3b000000 - 0x00007ffd3b027000 	C:\WINDOWS\SYSTEM32\ncrypt.dll
0x00007ffd3afc0000 - 0x00007ffd3affb000 	C:\WINDOWS\SYSTEM32\NTASN1.dll
0x00007ffd24130000 - 0x00007ffd24137000 	C:\WINDOWS\system32\wshunix.dll

dbghelp: loaded successfully - version: 4.0.5 - missing functions: none
symbol engine: initialized successfully - sym options: 0x614 - pdb path: .;C:\Users\gabri\.p2\pool\plugins\org.eclipse.justj.openjdk.hotspot.jre.full.win32.x86_64_16.0.2.v20210721-1149\jre\bin;C:\WINDOWS\SYSTEM32;C:\WINDOWS\WinSxS\amd64_microsoft.windows.common-controls_6595b64144ccf1df_6.0.19041.1110_none_60b5254171f9507e;C:\Users\gabri\.p2\pool\plugins\org.eclipse.justj.openjdk.hotspot.jre.full.win32.x86_64_16.0.2.v20210721-1149\jre\bin\server

VM Arguments:
jvm_args: -Dfile.encoding=UTF-8 -XX:+ShowCodeDetailsInExceptionMessages 
java_command: com.news.gabrielSoft.NewsApplication
java_class_path (initial): C:\Users\gabri\Desktop\News\target\classes;C:\Users\gabri\.m2\repository\org\springframework\boot\spring-boot-starter-data-jpa\2.4.12\spring-boot-starter-data-jpa-2.4.12.jar;C:\Users\gabri\.m2\repository\org\springframework\boot\spring-boot-starter-aop\2.4.12\spring-boot-starter-aop-2.4.12.jar;C:\Users\gabri\.m2\repository\org\springframework\spring-aop\5.3.12\spring-aop-5.3.12.jar;C:\Users\gabri\.m2\repository\org\aspectj\aspectjweaver\1.9.7\aspectjweaver-1.9.7.jar;C:\Users\gabri\.m2\repository\jakarta\transaction\jakarta.transaction-api\1.3.3\jakarta.transaction-api-1.3.3.jar;C:\Users\gabri\.m2\repository\jakarta\persistence\jakarta.persistence-api\2.2.3\jakarta.persistence-api-2.2.3.jar;C:\Users\gabri\.m2\repository\org\hibernate\hibernate-core\5.4.32.Final\hibernate-core-5.4.32.Final.jar;C:\Users\gabri\.m2\repository\org\jboss\logging\jboss-logging\3.4.2.Final\jboss-logging-3.4.2.Final.jar;C:\Users\gabri\.m2\repository\org\javassist\javassist\3.27.0-GA\javassist-3.27.0-GA.jar;C:\Users\gabri\.m2\repository\net\bytebuddy\byte-buddy\1.10.22\byte-buddy-1.10.22.jar;C:\Users\gabri\.m2\repository\antlr\antlr\2.7.7\antlr-2.7.7.jar;C:\Users\gabri\.m2\repository\org\jboss\jandex\2.2.3.Final\jandex-2.2.3.Final.jar;C:\Users\gabri\.m2\repository\com\fasterxml\classmate\1.5.1\classmate-1.5.1.jar;C:\Users\gabri\.m2\repository\org\dom4j\dom4j\2.1.3\dom4j-2.1.3.jar;C:\Users\gabri\.m2\repository\org\hibernate\common\hibernate-commons-annotations\5.1.2.Final\hibernate-commons-annotations-5.1.2.Final.jar;C:\Users\gabri\.m2\repository\org\glassfish\jaxb\jaxb-runtime\2.3.5\jaxb-runtime-2.3.5.jar;C:\Users\gabri\.m2\repository\org\glassfish\jaxb\txw2\2.3.5\txw2-2.3.5.jar;C:\Users\gabri\.m2\repository\com\sun\istack\istack-commons-runtime\3.0.12\istack-commons-runtime-3.0.12.jar;C:\Users\gabri\.m2\repository\com\sun\activation\jakarta.activation\1.2.2\jakarta.activation-1.2.2.jar;C:\Users\gabri\.m2\repository\org\springframework\data\spring-data-jpa\2.4.14\s
Launcher Type: SUN_STANDARD

[Global flags]
     intx CICompilerCount                          = 3                                         {product} {ergonomic}
     uint ConcGCThreads                            = 1                                         {product} {ergonomic}
     uint G1ConcRefinementThreads                  = 4                                         {product} {ergonomic}
   size_t G1HeapRegionSize                         = 1048576                                   {product} {ergonomic}
    uintx GCDrainStackTargetSize                   = 64                                        {product} {ergonomic}
   size_t InitialHeapSize                          = 134217728                                 {product} {ergonomic}
   size_t MarkStackSize                            = 4194304                                   {product} {ergonomic}
   size_t MaxHeapSize                              = 2139095040                                {product} {ergonomic}
   size_t MaxNewSize                               = 1283457024                                {product} {ergonomic}
   size_t MinHeapDeltaBytes                        = 1048576                                   {product} {ergonomic}
   size_t MinHeapSize                              = 8388608                                   {product} {ergonomic}
    uintx NonNMethodCodeHeapSize                   = 5832780                                {pd product} {ergonomic}
    uintx NonProfiledCodeHeapSize                  = 122912730                              {pd product} {ergonomic}
    uintx ProfiledCodeHeapSize                     = 122912730                              {pd product} {ergonomic}
    uintx ReservedCodeCacheSize                    = 251658240                              {pd product} {ergonomic}
     bool SegmentedCodeCache                       = true                                      {product} {ergonomic}
     bool ShowCodeDetailsInExceptionMessages       = true                                   {manageable} {command line}
   size_t SoftMaxHeapSize                          = 2139095040                             {manageable} {ergonomic}
     bool UseCompressedClassPointers               = true                           {product lp64_product} {ergonomic}
     bool UseCompressedOops                        = true                           {product lp64_product} {ergonomic}
     bool UseG1GC                                  = true                                      {product} {ergonomic}
     bool UseLargePagesIndividualAllocation        = false                                  {pd product} {ergonomic}

Logging:
Log output configuration:
 #0: stdout all=warning uptime,level,tags
 #1: stderr all=off uptime,level,tags

Environment Variables:
PATH=C:/Users/gabri/.p2/pool/plugins/org.eclipse.justj.openjdk.hotspot.jre.full.win32.x86_64_16.0.2.v20210721-1149/jre/bin/server;C:/Users/gabri/.p2/pool/plugins/org.eclipse.justj.openjdk.hotspot.jre.full.win32.x86_64_16.0.2.v20210721-1149/jre/bin;C:\Program Files\Common Files\Oracle\Java\javapath;C:\Program Files (x86)\Common Files\Oracle\Java\javapath;C:\WINDOWS\system32;C:\WINDOWS;C:\WINDOWS\System32\Wbem;C:\WINDOWS\System32\WindowsPowerShell\v1.0\;C:\WINDOWS\System32\OpenSSH\;C:\Program Files\nodejs\;C:\Program Files\Git\cmd;C:\Program Files (x86)\NVIDIA Corporation\PhysX\Common;C:\Users\gabri\AppData\Local\Programs\Python\Python310\Scripts\;C:\Users\gabri\AppData\Local\Programs\Python\Python310\;C:\Users\gabri\AppData\Local\Microsoft\WindowsApps;C:\Users\gabri\AppData\Roaming\npm;C:\Users\gabri\AppData\Local\Programs\Microsoft VS Code\bin;C:\Program Files (x86)\apache-maven-3.8.3\bin;;C:\Users\gabri\Desktop;
USERNAME=gabri
OS=Windows_NT
PROCESSOR_IDENTIFIER=Intel64 Family 6 Model 58 Stepping 9, GenuineIntel



---------------  S Y S T E M  ---------------

OS:
 Windows 10 , 64 bit Build 19041 (10.0.19041.1348)
OS uptime: 1 days 23:54 hours

CPU: total 4 (initial active 4) (2 cores per cpu, 2 threads per core) family 6 model 58 stepping 9 microcode 0x21, cx8, cmov, fxsr, ht, mmx, sse, sse2, sse3, ssse3, sse4.1, sse4.2, popcnt, tsc, tscinvbit, avx, erms, clmul, vzeroupper, clflush

Memory: 4k page, system-wide physical 8154M (3093M free)
TotalPageFile size 9498M (AvailPageFile size 2965M)
current process WorkingSet (physical memory assigned to process): 208M, peak: 251M
current process commit charge ("private bytes"): 235M, peak: 277M

vm_info: OpenJDK 64-Bit Server VM (16.0.2+7-67) for windows-amd64 JRE (16.0.2+7-67), built on Jun  8 2021 23:21:43 by "mach5one" with MS VC++ 16.7 (VS2019)

END.
