#
# A fatal error has been detected by the Java Runtime Environment:
#
#  EXCEPTION_ACCESS_VIOLATION (0xc0000005) at pc=0x00007ffc778e4db1, pid=5648, tid=10260
#
# JRE version: Java(TM) SE Runtime Environment (18.0+36) (build 18+36-2087)
# Java VM: Java HotSpot(TM) 64-Bit Server VM (18+36-2087, mixed mode, sharing, tiered, compressed oops, compressed class ptrs, g1 gc, windows-amd64)
# Problematic frame:
# V  [jvm.dll+0x1c4db1]
#
# No core dump will be written. Minidumps are not enabled by default on client versions of Windows
#
# If you would like to submit a bug report, please visit:
#   https://bugreport.java.com/bugreport/crash.jsp
#

---------------  S U M M A R Y ------------

Command Line: -Dclassworlds.conf=C:/apache-maven-3.8.5/bin/m2.conf -Dmaven.home=C:/apache-maven-3.8.5 -Dlibrary.jansi.path=C:/apache-maven-3.8.5/lib/jansi-native -Dmaven.multiModuleProjectDirectory=C:/Users/Gabriel/Documents/Project/News org.codehaus.plexus.classworlds.launcher.Launcher install -DskipTests

Host: Intel(R) Core(TM) i3-3220 CPU @ 3.30GHz, 4 cores, 7G,  Windows 10 , 64 bit Build 19041 (10.0.19041.1741)
Time: Thu Jul 14 15:26:46 2022 Hora oficial do Brasil elapsed time: 9.136609 seconds (0d 0h 0m 9s)

---------------  T H R E A D  ---------------

Current thread (0x0000012ff7a5a420):  WorkerThread "GC Thread#3" [stack: 0x0000001757400000,0x0000001757500000] [id=10260]

Stack: [0x0000001757400000,0x0000001757500000],  sp=0x00000017574ff7e8,  free space=1021k
Native frames: (J=compiled Java code, j=interpreted, Vv=VM code, C=native code)
V  [jvm.dll+0x1c4db1]


siginfo: EXCEPTION_ACCESS_VIOLATION (0xc0000005), reading address 0x0000000000000100


Register to memory mapping:

RIP=0x00007ffc778e4db1 jvm.dll
RAX=0x0 is NULL
RBX=0x0000012fd3616601 points into unknown readable memory: 00 00 00 00 00 00 00
RCX=0x0000000800001fa8 is pointing into metadata
RDX=
[error occurred during error reporting (printing register info), id 0xc0000005, EXCEPTION_ACCESS_VIOLATION (0xc0000005) at pc=0x00007ffc778e4db1]

Registers:
RAX=0x0000000000000000, RBX=0x0000012fd3616601, RCX=0x0000000800001fa8, RDX=0x0000000082313ed8
RSP=0x00000017574ff7e8, RBP=0x0000000000000001, RSI=0x0000012fd3616650, RDI=0x0000000082313ed8
R8 =0x0000000800001fa8, R9 =0x0000000000000000, R10=0x000000000000003f, R11=0x0000000000000003
R12=0x0000000000000000, R13=0xaaaaaaaaaaaaaaab, R14=0x0000000800e07ee8, R15=0x0000000082313eb0
RIP=0x00007ffc778e4db1, EFLAGS=0x0000000000010246

Top of Stack: (sp=0x00000017574ff7e8)
0x00000017574ff7e8:   00007ffc77a167b8 0000000000000000
0x00000017574ff7f8:   00007ffc77a167b8 00000017574ff890
0x00000017574ff808:   00007ffcbadbfae2 0000000082313ed8
0x00000017574ff818:   00007ffc77a1643f 0000012fd3630cf0
0x00000017574ff828:   00000017574ff970 0000000800e07ee0
0x00000017574ff838:   00000017574ff970 0000000082313ed4
0x00000017574ff848:   00007ffc77a1463d 0000000082313ec8
0x00000017574ff858:   00007ffc77a14c7d 0000000082335448
0x00000017574ff868:   0000000000000000 0000000000000000
0x00000017574ff878:   0000000000000000 0000000082313eb0
0x00000017574ff888:   00007ffc77a14282 0000000800e07ce8
0x00000017574ff898:   0000000000000005 00000017574ff970
0x00000017574ff8a8:   00000017574ffaf0 0000000082313eb0
0x00000017574ff8b8:   00007ffc77a24faa 0000012fd3630cf0
0x00000017574ff8c8:   0000000000000000 00000000000002a7
0x00000017574ff8d8:   0000012fd35d6a50 0000000000000001 

Instructions: (pc=0x00007ffc778e4db1)
0x00007ffc778e4cb1:   74 32 0f 10 83 d8 02 00 00 48 8b 07 48 8d 54 24
0x00007ffc778e4cc1:   20 48 8b cf 0f 29 44 24 20 ff 50 40 33 c0 48 89
0x00007ffc778e4cd1:   44 24 20 48 89 44 24 28 0f 10 44 24 20 0f 11 83
0x00007ffc778e4ce1:   d8 02 00 00 48 8b 5c 24 40 48 83 c4 30 5f c3 48
0x00007ffc778e4cf1:   8b 49 40 48 8b 01 48 ff 60 28 cc cc cc cc cc 80
0x00007ffc778e4d01:   3d 32 ed 96 00 00 48 8b c1 74 1b 8b 51 08 8b 0d
0x00007ffc778e4d11:   8b ac 8f 00 48 d3 e2 48 8b c8 48 03 15 76 ac 8f
0x00007ffc778e4d21:   00 e9 19 00 00 00 48 8b 51 08 48 8b c8 e9 0d 00
0x00007ffc778e4d31:   00 00 cc cc cc cc cc cc cc cc cc cc cc cc cc 4c
0x00007ffc778e4d41:   8b c2 48 8b d1 45 8b 48 08 45 85 c9 7e 0e 41 f6
0x00007ffc778e4d51:   c1 01 75 56 41 c1 f9 03 49 63 c1 c3 79 4c 80 3d
0x00007ffc778e4d61:   d3 ec 96 00 00 b8 0c 00 00 00 b9 10 00 00 00 0f
0x00007ffc778e4d71:   45 c8 8b 05 2b d2 8f 00 ff c8 4c 63 c0 41 8b c1
0x00007ffc778e4d81:   48 c1 f8 10 48 63 14 11 41 8b c9 83 e1 3f 0f b6
0x00007ffc778e4d91:   c0 48 d3 e2 49 8d 0c 10 49 f7 d0 48 03 c1 49 c1
0x00007ffc778e4da1:   e8 03 48 c1 e8 03 49 23 c0 c3 49 8b 00 49 8b c8
0x00007ffc778e4db1:   48 ff a0 00 01 00 00 cc cc cc cc cc cc cc cc 48
0x00007ffc778e4dc1:   8b c2 c3 cc cc cc cc cc cc cc cc cc cc cc cc 48
0x00007ffc778e4dd1:   83 ec 38 0f 10 02 48 8b 49 40 48 8d 54 24 20 0f
0x00007ffc778e4de1:   29 44 24 20 e8 06 f2 ff ff 48 83 c4 38 c3 cc 48
0x00007ffc778e4df1:   83 ec 38 0f 10 02 48 8b 01 48 8d 54 24 20 0f 29
0x00007ffc778e4e01:   44 24 20 ff 50 38 48 83 c4 38 c3 cc cc cc cc 8b
0x00007ffc778e4e11:   05 c2 00 96 00 c3 cc cc cc cc cc cc cc cc cc 48
0x00007ffc778e4e21:   89 5c 24 08 55 56 57 41 54 41 55 41 56 41 57 48
0x00007ffc778e4e31:   8d 6c 24 e0 48 81 ec 20 01 00 00 48 8b 05 55 42
0x00007ffc778e4e41:   93 00 48 33 c4 48 89 45 10 48 8b 05 3f d8 95 00
0x00007ffc778e4e51:   45 33 ed 4c 8b b5 80 00 00 00 4c 8b fa 48 8b bd
0x00007ffc778e4e61:   88 00 00 00 4d 8b c6 49 8b d6 49 8b f1 48 8b 48
0x00007ffc778e4e71:   40 48 8b 59 40 49 8b cf c7 45 c0 ff ff ff ff 44
0x00007ffc778e4e81:   89 6d d4 4c 89 6d d8 44 88 6d e0 c7 45 e8 ff ff
0x00007ffc778e4e91:   ff ff 44 89 6d fc 4c 89 6d 00 44 88 6d 08 e8 6c
0x00007ffc778e4ea1:   20 f4 ff 41 b1 01 4c 8d 45 e8 41 8d 55 04 49 8b 


Stack slot to memory mapping:
stack at sp + 0 slots: 0x00007ffc77a167b8 jvm.dll
stack at sp + 1 slots: 0x0 is NULL
stack at sp + 2 slots: 0x00007ffc77a167b8 jvm.dll
stack at sp + 3 slots: 0x00000017574ff890 points into unknown readable memory: 0x0000000800e07ce8 | e8 7c e0 00 08 00 00 00
stack at sp + 4 slots: 0x00007ffcbadbfae2 ntdll.dll
stack at sp + 5 slots: 
[error occurred during error reporting (inspecting top of stack), id 0xc0000005, EXCEPTION_ACCESS_VIOLATION (0xc0000005) at pc=0x00007ffc778e4db1]


---------------  P R O C E S S  ---------------

Threads class SMR info:
_java_thread_list=0x0000012ff8c3e6c0, length=17, elements={
0x0000012fd35b5000, 0x0000012ff2e7a3a0, 0x0000012ff2e7d870, 0x0000012ff2e96f90,
0x0000012ff2e98850, 0x0000012ff2e99100, 0x0000012ff2ea1b00, 0x0000012ff2ea5e60,
0x0000012ff2ea6890, 0x0000012ff2ebad60, 0x0000012ff71b3b80, 0x0000012ff71b66d0,
0x0000012ff7d59c60, 0x0000012ff774d000, 0x0000012ffa4630e0, 0x0000012ff800f1b0,
0x0000012ff77c0c40
}

Java Threads: ( => current thread )
  0x0000012fd35b5000 JavaThread "main" [_thread_blocked, id=11196, stack(0x0000001755f00000,0x0000001756000000)]
  0x0000012ff2e7a3a0 JavaThread "Reference Handler" daemon [_thread_blocked, id=8584, stack(0x0000001756600000,0x0000001756700000)]
  0x0000012ff2e7d870 JavaThread "Finalizer" daemon [_thread_blocked, id=6952, stack(0x0000001756700000,0x0000001756800000)]
  0x0000012ff2e96f90 JavaThread "Signal Dispatcher" daemon [_thread_blocked, id=8940, stack(0x0000001756800000,0x0000001756900000)]
  0x0000012ff2e98850 JavaThread "Attach Listener" daemon [_thread_blocked, id=8392, stack(0x0000001756900000,0x0000001756a00000)]
  0x0000012ff2e99100 JavaThread "Service Thread" daemon [_thread_blocked, id=2756, stack(0x0000001756a00000,0x0000001756b00000)]
  0x0000012ff2ea1b00 JavaThread "Monitor Deflation Thread" daemon [_thread_blocked, id=10964, stack(0x0000001756b00000,0x0000001756c00000)]
  0x0000012ff2ea5e60 JavaThread "C2 CompilerThread0" daemon [_thread_in_native, id=8820, stack(0x0000001756c00000,0x0000001756d00000)]
  0x0000012ff2ea6890 JavaThread "C1 CompilerThread0" daemon [_thread_blocked, id=8100, stack(0x0000001756d00000,0x0000001756e00000)]
  0x0000012ff2ebad60 JavaThread "Sweeper thread" daemon [_thread_blocked, id=1756, stack(0x0000001756e00000,0x0000001756f00000)]
  0x0000012ff71b3b80 JavaThread "Notification Thread" daemon [_thread_blocked, id=9736, stack(0x0000001756f00000,0x0000001757000000)]
  0x0000012ff71b66d0 JavaThread "Common-Cleaner" daemon [_thread_blocked, id=10520, stack(0x0000001757100000,0x0000001757200000)]
  0x0000012ff7d59c60 JavaThread "C2 CompilerThread1" daemon [_thread_blocked, id=3820, stack(0x0000001757500000,0x0000001757600000)]
  0x0000012ff774d000 JavaThread "pool-1-thread-1" [_thread_blocked, id=10828, stack(0x0000001757700000,0x0000001757800000)]
  0x0000012ffa4630e0 JavaThread "pool-1-thread-2" [_thread_blocked, id=6632, stack(0x0000001757800000,0x0000001757900000)]
  0x0000012ff800f1b0 JavaThread "pool-1-thread-3" [_thread_blocked, id=1932, stack(0x0000001757900000,0x0000001757a00000)]
  0x0000012ff77c0c40 JavaThread "pool-1-thread-4" [_thread_blocked, id=9152, stack(0x0000001757a00000,0x0000001757b00000)]

Other Threads:
  0x0000012ff2e77870 VMThread "VM Thread" [stack: 0x0000001756500000,0x0000001756600000] [id=4144]
  0x0000012ff71b6460 WatcherThread "VM Periodic Task Thread" [stack: 0x0000001757000000,0x0000001757100000] [id=7904]
  0x0000012fd3616250 WorkerThread "GC Thread#0" [stack: 0x0000001756000000,0x0000001756100000] [id=220]
  0x0000012ff71c5be0 WorkerThread "GC Thread#1" [stack: 0x0000001757200000,0x0000001757300000] [id=2256]
  0x0000012ff765f060 WorkerThread "GC Thread#2" [stack: 0x0000001757300000,0x0000001757400000] [id=6056]
=>0x0000012ff7a5a420 WorkerThread "GC Thread#3" [stack: 0x0000001757400000,0x0000001757500000] [id=10260]
  0x0000012fd3626e90 ConcurrentGCThread "G1 Main Marker" [stack: 0x0000001756100000,0x0000001756200000] [id=4232]
  0x0000012fd3627e30 WorkerThread "G1 Conc#0" [stack: 0x0000001756200000,0x0000001756300000] [id=7764]
  0x0000012fd3665e10 ConcurrentGCThread "G1 Refine#0" [stack: 0x0000001756300000,0x0000001756400000] [id=1860]
  0x0000012ff7e90ef0 ConcurrentGCThread "G1 Refine#1" [stack: 0x0000001757600000,0x0000001757700000] [id=3924]
  0x0000012fd3666630 ConcurrentGCThread "G1 Service" [stack: 0x0000001756400000,0x0000001756500000] [id=2008]

Threads with active compile tasks:
C2 CompilerThread0     9151 6776   !   4       com.google.inject.spi.InjectionPoint::getInjectionPoints (489 bytes)
C1 CompilerThread0     9151 6867       3       java.time.LocalTime::ofNanoOfDay (68 bytes)

VM state: at safepoint (normal execution)

VM Mutex/Monitor currently owned by a thread:  ([mutex/lock_event])
[0x0000012fd35b1680] Threads_lock - owner thread: 0x0000012ff2e77870
[0x0000012fd35af820] Heap_lock - owner thread: 0x0000012fd3626e90

Heap address: 0x0000000080800000, size: 2040 MB, Compressed Oops mode: 32-bit

CDS archive(s) mapped at: [0x0000000800000000-0x0000000800ba0000-0x0000000800ba0000), size 12189696, SharedBaseAddress: 0x0000000800000000, ArchiveRelocationMode: 0.
Compressed class space mapped at: 0x0000000800c00000-0x0000000840c00000, reserved size: 1073741824
Narrow klass base: 0x0000000800000000, Narrow klass shift: 0, Narrow klass range: 0x100000000

GC Precious Log:
 CardTable entry size: 512
 Card Set container configuration: InlinePtr #cards 5 size 8 Array Of Cards #cards 12 size 40 Howl #buckets 4 coarsen threshold 1843 Howl Bitmap #cards 512 size 80 coarsen threshold 460 Card regions per heap region 1 cards per card region 2048
 CPUs: 4 total, 4 available
 Memory: 8155M
 Large Page Support: Disabled
 NUMA Support: Disabled
 Compressed Oops: Enabled (32-bit)
 Heap Region Size: 1M
 Heap Min Capacity: 8M
 Heap Initial Capacity: 128M
 Heap Max Capacity: 2040M
 Pre-touch: Disabled
 Parallel Workers: 4
 Concurrent Workers: 1
 Concurrent Refinement Workers: 4
 Periodic GC: Disabled

Heap:
 garbage-first heap   total 153600K, used 76332K [0x0000000080800000, 0x0000000100000000)
  region size 1024K, 4 young (4096K), 2 survivors (2048K)
 Metaspace       used 27907K, committed 28416K, reserved 1114112K
  class space    used 3041K, committed 3264K, reserved 1048576K

Heap Regions: E=young(eden), S=young(survivor), O=old, HS=humongous(starts), HC=humongous(continues), CS=collection set, F=free, OA=open archive, CA=closed archive, TAMS=top-at-mark-start (previous, next)
|   0|0x0000000080800000, 0x0000000080900000, 0x0000000080900000|100%| O|  |TAMS 0x0000000080900000, 0x0000000080900000| Untracked 
|   1|0x0000000080900000, 0x0000000080a00000, 0x0000000080a00000|100%| O|  |TAMS 0x0000000080a00000, 0x0000000080a00000| Untracked 
|   2|0x0000000080a00000, 0x0000000080b00000, 0x0000000080b00000|100%| O|  |TAMS 0x0000000080b00000, 0x0000000080b00000| Untracked 
|   3|0x0000000080b00000, 0x0000000080c00000, 0x0000000080c00000|100%| O|  |TAMS 0x0000000080b11400, 0x0000000080c00000| Untracked 
|   4|0x0000000080c00000, 0x0000000080d00000, 0x0000000080d00000|100%|HS|  |TAMS 0x0000000080c00000, 0x0000000080d00000| Complete 
|   5|0x0000000080d00000, 0x0000000080e00000, 0x0000000080e00000|100%| O|  |TAMS 0x0000000080d00000, 0x0000000080e00000| Untracked 
|   6|0x0000000080e00000, 0x0000000080f00000, 0x0000000080f00000|100%| O|  |TAMS 0x0000000080e00000, 0x0000000080f00000| Untracked 
|   7|0x0000000080f00000, 0x0000000081000000, 0x0000000081000000|100%| O|  |TAMS 0x0000000080f00000, 0x0000000081000000| Untracked 
|   8|0x0000000081000000, 0x0000000081100000, 0x0000000081100000|100%| O|  |TAMS 0x0000000081000000, 0x0000000081100000| Untracked 
|   9|0x0000000081100000, 0x0000000081200000, 0x0000000081200000|100%| O|  |TAMS 0x0000000081100000, 0x0000000081200000| Untracked 
|  10|0x0000000081200000, 0x0000000081300000, 0x0000000081300000|100%| O|  |TAMS 0x0000000081200000, 0x0000000081300000| Untracked 
|  11|0x0000000081300000, 0x0000000081400000, 0x0000000081400000|100%| O|  |TAMS 0x0000000081300000, 0x0000000081400000| Untracked 
|  12|0x0000000081400000, 0x0000000081500000, 0x0000000081500000|100%| O|  |TAMS 0x0000000081400000, 0x0000000081500000| Untracked 
|  13|0x0000000081500000, 0x0000000081600000, 0x0000000081600000|100%|HS|  |TAMS 0x0000000081500000, 0x0000000081600000| Complete 
|  14|0x0000000081600000, 0x0000000081700000, 0x0000000081700000|100%| O|  |TAMS 0x0000000081600000, 0x0000000081700000| Untracked 
|  15|0x0000000081700000, 0x0000000081800000, 0x0000000081800000|100%| O|  |TAMS 0x0000000081700000, 0x0000000081800000| Untracked 
|  16|0x0000000081800000, 0x0000000081900000, 0x0000000081900000|100%| O|  |TAMS 0x0000000081800000, 0x0000000081900000| Untracked 
|  17|0x0000000081900000, 0x0000000081a00000, 0x0000000081a00000|100%| O|  |TAMS 0x0000000081900000, 0x0000000081a00000| Untracked 
|  18|0x0000000081a00000, 0x0000000081b00000, 0x0000000081b00000|100%| O|  |TAMS 0x0000000081a00000, 0x0000000081b00000| Untracked 
|  19|0x0000000081b00000, 0x0000000081c00000, 0x0000000081c00000|100%| O|  |TAMS 0x0000000081b00000, 0x0000000081c00000| Untracked 
|  20|0x0000000081c00000, 0x0000000081d00000, 0x0000000081d00000|100%| O|  |TAMS 0x0000000081c00000, 0x0000000081d00000| Untracked 
|  21|0x0000000081d00000, 0x0000000081e00000, 0x0000000081e00000|100%|HS|  |TAMS 0x0000000081d00000, 0x0000000081e00000| Complete 
|  22|0x0000000081e00000, 0x0000000081f00000, 0x0000000081f00000|100%| O|  |TAMS 0x0000000081e00000, 0x0000000081f00000| Untracked 
|  23|0x0000000081f00000, 0x0000000082000000, 0x0000000082000000|100%| O|  |TAMS 0x0000000081f00000, 0x0000000082000000| Untracked 
|  24|0x0000000082000000, 0x0000000082100000, 0x0000000082100000|100%| O|  |TAMS 0x0000000082000000, 0x0000000082100000| Untracked 
|  25|0x0000000082100000, 0x0000000082200000, 0x0000000082200000|100%| O|  |TAMS 0x0000000082100000, 0x0000000082200000| Untracked 
|  26|0x0000000082200000, 0x0000000082300000, 0x0000000082300000|100%| O|  |TAMS 0x0000000082200000, 0x0000000082300000| Untracked 
|  27|0x0000000082300000, 0x0000000082400000, 0x0000000082400000|100%| O|  |TAMS 0x0000000082300000, 0x0000000082400000| Untracked 
|  28|0x0000000082400000, 0x0000000082500000, 0x0000000082500000|100%| O|  |TAMS 0x0000000082400000, 0x0000000082500000| Untracked 
|  29|0x0000000082500000, 0x0000000082600000, 0x0000000082600000|100%| O|  |TAMS 0x0000000082500000, 0x0000000082600000| Untracked 
|  30|0x0000000082600000, 0x0000000082700000, 0x0000000082700000|100%| O|  |TAMS 0x0000000082600000, 0x0000000082700000| Untracked 
|  31|0x0000000082700000, 0x0000000082800000, 0x0000000082800000|100%| O|  |TAMS 0x0000000082700000, 0x0000000082800000| Untracked 
|  32|0x0000000082800000, 0x0000000082900000, 0x0000000082900000|100%| O|  |TAMS 0x0000000082800000, 0x0000000082900000| Untracked 
|  33|0x0000000082900000, 0x0000000082a00000, 0x0000000082a00000|100%| O|  |TAMS 0x0000000082900000, 0x0000000082a00000| Untracked 
|  34|0x0000000082a00000, 0x0000000082b00000, 0x0000000082b00000|100%| O|  |TAMS 0x0000000082a00000, 0x0000000082b00000| Untracked 
|  35|0x0000000082b00000, 0x0000000082c00000, 0x0000000082c00000|100%| O|  |TAMS 0x0000000082b00000, 0x0000000082c00000| Untracked 
|  36|0x0000000082c00000, 0x0000000082d00000, 0x0000000082d00000|100%| O|  |TAMS 0x0000000082c00000, 0x0000000082d00000| Untracked 
|  37|0x0000000082d00000, 0x0000000082e00000, 0x0000000082e00000|100%| O|  |TAMS 0x0000000082d00000, 0x0000000082e00000| Untracked 
|  38|0x0000000082e00000, 0x0000000082f00000, 0x0000000082f00000|100%| O|  |TAMS 0x0000000082e00000, 0x0000000082f00000| Untracked 
|  39|0x0000000082f00000, 0x0000000083000000, 0x0000000083000000|100%| O|  |TAMS 0x0000000082f00000, 0x0000000083000000| Untracked 
|  40|0x0000000083000000, 0x0000000083100000, 0x0000000083100000|100%| O|  |TAMS 0x0000000083000000, 0x0000000083100000| Untracked 
|  41|0x0000000083100000, 0x0000000083200000, 0x0000000083200000|100%| O|  |TAMS 0x0000000083100000, 0x0000000083200000| Untracked 
|  42|0x0000000083200000, 0x0000000083300000, 0x0000000083300000|100%|HS|  |TAMS 0x0000000083200000, 0x0000000083300000| Complete 
|  43|0x0000000083300000, 0x0000000083400000, 0x0000000083400000|100%|HC|  |TAMS 0x0000000083300000, 0x0000000083400000| Complete 
|  44|0x0000000083400000, 0x0000000083500000, 0x0000000083500000|100%|HC|  |TAMS 0x0000000083400000, 0x0000000083500000| Complete 
|  45|0x0000000083500000, 0x0000000083600000, 0x0000000083600000|100%|HS|  |TAMS 0x0000000083500000, 0x0000000083600000| Complete 
|  46|0x0000000083600000, 0x0000000083700000, 0x0000000083700000|100%|HC|  |TAMS 0x0000000083600000, 0x0000000083700000| Complete 
|  47|0x0000000083700000, 0x0000000083800000, 0x0000000083800000|100%|HC|  |TAMS 0x0000000083700000, 0x0000000083800000| Complete 
|  48|0x0000000083800000, 0x0000000083900000, 0x0000000083900000|100%|HS|  |TAMS 0x0000000083800000, 0x0000000083900000| Complete 
|  49|0x0000000083900000, 0x0000000083a00000, 0x0000000083a00000|100%|HC|  |TAMS 0x0000000083900000, 0x0000000083a00000| Complete 
|  50|0x0000000083a00000, 0x0000000083b00000, 0x0000000083b00000|100%|HC|  |TAMS 0x0000000083a00000, 0x0000000083b00000| Complete 
|  51|0x0000000083b00000, 0x0000000083c00000, 0x0000000083c00000|100%|HS|  |TAMS 0x0000000083b00000, 0x0000000083c00000| Complete 
|  52|0x0000000083c00000, 0x0000000083d00000, 0x0000000083d00000|100%|HC|  |TAMS 0x0000000083c00000, 0x0000000083d00000| Complete 
|  53|0x0000000083d00000, 0x0000000083e00000, 0x0000000083e00000|100%|HC|  |TAMS 0x0000000083d00000, 0x0000000083e00000| Complete 
|  54|0x0000000083e00000, 0x0000000083e6f400, 0x0000000083f00000| 43%| O|  |TAMS 0x0000000083e00000, 0x0000000083e6f400| Untracked 
|  55|0x0000000083f00000, 0x0000000084000000, 0x0000000084000000|100%|HS|  |TAMS 0x0000000083f00000, 0x0000000084000000| Complete 
|  56|0x0000000084000000, 0x0000000084100000, 0x0000000084100000|100%|HC|  |TAMS 0x0000000084000000, 0x0000000084100000| Complete 
|  57|0x0000000084100000, 0x0000000084200000, 0x0000000084200000|100%|HC|  |TAMS 0x0000000084100000, 0x0000000084200000| Complete 
|  58|0x0000000084200000, 0x0000000084300000, 0x0000000084300000|100%|HS|  |TAMS 0x0000000084200000, 0x0000000084300000| Complete 
|  59|0x0000000084300000, 0x0000000084400000, 0x0000000084400000|100%|HC|  |TAMS 0x0000000084300000, 0x0000000084400000| Complete 
|  60|0x0000000084400000, 0x0000000084500000, 0x0000000084500000|100%|HC|  |TAMS 0x0000000084400000, 0x0000000084500000| Complete 
|  61|0x0000000084500000, 0x0000000084600000, 0x0000000084600000|100%|HS|  |TAMS 0x0000000084500000, 0x0000000084600000| Complete 
|  62|0x0000000084600000, 0x0000000084700000, 0x0000000084700000|100%|HC|  |TAMS 0x0000000084600000, 0x0000000084700000| Complete 
|  63|0x0000000084700000, 0x0000000084800000, 0x0000000084800000|100%|HC|  |TAMS 0x0000000084700000, 0x0000000084800000| Complete 
|  64|0x0000000084800000, 0x0000000084900000, 0x0000000084900000|100%|HS|  |TAMS 0x0000000084800000, 0x0000000084800000| Complete 
|  65|0x0000000084900000, 0x0000000084a00000, 0x0000000084a00000|100%|HC|  |TAMS 0x0000000084900000, 0x0000000084900000| Complete 
|  66|0x0000000084a00000, 0x0000000084b00000, 0x0000000084b00000|100%|HC|  |TAMS 0x0000000084a00000, 0x0000000084a00000| Complete 
|  67|0x0000000084b00000, 0x0000000084b00000, 0x0000000084c00000|  0%| F|  |TAMS 0x0000000084b00000, 0x0000000084b00000| Untracked 
|  68|0x0000000084c00000, 0x0000000084c00000, 0x0000000084d00000|  0%| F|  |TAMS 0x0000000084c00000, 0x0000000084c00000| Untracked 
|  69|0x0000000084d00000, 0x0000000084d00000, 0x0000000084e00000|  0%| F|  |TAMS 0x0000000084d00000, 0x0000000084d00000| Untracked 
|  70|0x0000000084e00000, 0x0000000084e00000, 0x0000000084f00000|  0%| F|  |TAMS 0x0000000084e00000, 0x0000000084e00000| Untracked 
|  71|0x0000000084f00000, 0x0000000084f00000, 0x0000000085000000|  0%| F|  |TAMS 0x0000000084f00000, 0x0000000084f00000| Untracked 
|  72|0x0000000085000000, 0x0000000085000000, 0x0000000085100000|  0%| F|  |TAMS 0x0000000085000000, 0x0000000085000000| Untracked 
|  73|0x0000000085100000, 0x0000000085100000, 0x0000000085200000|  0%| F|  |TAMS 0x0000000085100000, 0x0000000085100000| Untracked 
|  74|0x0000000085200000, 0x0000000085200000, 0x0000000085300000|  0%| F|  |TAMS 0x0000000085200000, 0x0000000085200000| Untracked 
|  75|0x0000000085300000, 0x0000000085300000, 0x0000000085400000|  0%| F|  |TAMS 0x0000000085300000, 0x0000000085300000| Untracked 
|  76|0x0000000085400000, 0x0000000085400000, 0x0000000085500000|  0%| F|  |TAMS 0x0000000085400000, 0x0000000085400000| Untracked 
|  77|0x0000000085500000, 0x0000000085500000, 0x0000000085600000|  0%| F|  |TAMS 0x0000000085500000, 0x0000000085500000| Untracked 
|  78|0x0000000085600000, 0x0000000085600000, 0x0000000085700000|  0%| F|  |TAMS 0x0000000085600000, 0x0000000085600000| Untracked 
|  79|0x0000000085700000, 0x0000000085700000, 0x0000000085800000|  0%| F|  |TAMS 0x0000000085700000, 0x0000000085700000| Untracked 
|  80|0x0000000085800000, 0x0000000085800000, 0x0000000085900000|  0%| F|  |TAMS 0x0000000085800000, 0x0000000085800000| Untracked 
|  81|0x0000000085900000, 0x0000000085900000, 0x0000000085a00000|  0%| F|  |TAMS 0x0000000085900000, 0x0000000085900000| Untracked 
|  82|0x0000000085a00000, 0x0000000085a00000, 0x0000000085b00000|  0%| F|  |TAMS 0x0000000085a00000, 0x0000000085a00000| Untracked 
|  83|0x0000000085b00000, 0x0000000085b00000, 0x0000000085c00000|  0%| F|  |TAMS 0x0000000085b00000, 0x0000000085b00000| Untracked 
|  84|0x0000000085c00000, 0x0000000085c00000, 0x0000000085d00000|  0%| F|  |TAMS 0x0000000085c00000, 0x0000000085c00000| Untracked 
|  85|0x0000000085d00000, 0x0000000085d00000, 0x0000000085e00000|  0%| F|  |TAMS 0x0000000085d00000, 0x0000000085d00000| Untracked 
|  86|0x0000000085e00000, 0x0000000085e00000, 0x0000000085f00000|  0%| F|  |TAMS 0x0000000085e00000, 0x0000000085e00000| Untracked 
|  87|0x0000000085f00000, 0x0000000085f00000, 0x0000000086000000|  0%| F|  |TAMS 0x0000000085f00000, 0x0000000085f00000| Untracked 
|  88|0x0000000086000000, 0x0000000086000000, 0x0000000086100000|  0%| F|  |TAMS 0x0000000086000000, 0x0000000086000000| Untracked 
|  89|0x0000000086100000, 0x0000000086100000, 0x0000000086200000|  0%| F|  |TAMS 0x0000000086100000, 0x0000000086100000| Untracked 
|  90|0x0000000086200000, 0x0000000086200000, 0x0000000086300000|  0%| F|  |TAMS 0x0000000086200000, 0x0000000086200000| Untracked 
|  91|0x0000000086300000, 0x0000000086300000, 0x0000000086400000|  0%| F|  |TAMS 0x0000000086300000, 0x0000000086300000| Untracked 
|  92|0x0000000086400000, 0x0000000086400000, 0x0000000086500000|  0%| F|  |TAMS 0x0000000086400000, 0x0000000086400000| Untracked 
|  93|0x0000000086500000, 0x0000000086500000, 0x0000000086600000|  0%| F|  |TAMS 0x0000000086500000, 0x0000000086500000| Untracked 
|  94|0x0000000086600000, 0x0000000086600000, 0x0000000086700000|  0%| F|  |TAMS 0x0000000086600000, 0x0000000086600000| Untracked 
|  95|0x0000000086700000, 0x0000000086700000, 0x0000000086800000|  0%| F|  |TAMS 0x0000000086700000, 0x0000000086700000| Untracked 
|  96|0x0000000086800000, 0x0000000086800000, 0x0000000086900000|  0%| F|  |TAMS 0x0000000086800000, 0x0000000086800000| Untracked 
|  97|0x0000000086900000, 0x0000000086900000, 0x0000000086a00000|  0%| F|  |TAMS 0x0000000086900000, 0x0000000086900000| Untracked 
|  98|0x0000000086a00000, 0x0000000086a00000, 0x0000000086b00000|  0%| F|  |TAMS 0x0000000086a00000, 0x0000000086a00000| Untracked 
|  99|0x0000000086b00000, 0x0000000086b00000, 0x0000000086c00000|  0%| F|  |TAMS 0x0000000086b00000, 0x0000000086b00000| Untracked 
| 100|0x0000000086c00000, 0x0000000086c00000, 0x0000000086d00000|  0%| F|  |TAMS 0x0000000086c00000, 0x0000000086c00000| Untracked 
| 101|0x0000000086d00000, 0x0000000086d00000, 0x0000000086e00000|  0%| F|  |TAMS 0x0000000086d00000, 0x0000000086d00000| Untracked 
| 102|0x0000000086e00000, 0x0000000086e00000, 0x0000000086f00000|  0%| F|  |TAMS 0x0000000086e00000, 0x0000000086e00000| Untracked 
| 103|0x0000000086f00000, 0x0000000086f00000, 0x0000000087000000|  0%| F|  |TAMS 0x0000000086f00000, 0x0000000086f00000| Untracked 
| 104|0x0000000087000000, 0x0000000087000000, 0x0000000087100000|  0%| F|  |TAMS 0x0000000087000000, 0x0000000087000000| Untracked 
| 105|0x0000000087100000, 0x0000000087100000, 0x0000000087200000|  0%| F|  |TAMS 0x0000000087100000, 0x0000000087100000| Untracked 
| 106|0x0000000087200000, 0x0000000087200000, 0x0000000087300000|  0%| F|  |TAMS 0x0000000087200000, 0x0000000087200000| Untracked 
| 107|0x0000000087300000, 0x0000000087300000, 0x0000000087400000|  0%| F|  |TAMS 0x0000000087300000, 0x0000000087300000| Untracked 
| 108|0x0000000087400000, 0x0000000087400000, 0x0000000087500000|  0%| F|  |TAMS 0x0000000087400000, 0x0000000087400000| Untracked 
| 109|0x0000000087500000, 0x0000000087500000, 0x0000000087600000|  0%| F|  |TAMS 0x0000000087500000, 0x0000000087500000| Untracked 
| 110|0x0000000087600000, 0x0000000087600000, 0x0000000087700000|  0%| F|  |TAMS 0x0000000087600000, 0x0000000087600000| Untracked 
| 111|0x0000000087700000, 0x0000000087700000, 0x0000000087800000|  0%| F|  |TAMS 0x0000000087700000, 0x0000000087700000| Untracked 
| 112|0x0000000087800000, 0x0000000087800000, 0x0000000087900000|  0%| F|  |TAMS 0x0000000087800000, 0x0000000087800000| Untracked 
| 113|0x0000000087900000, 0x0000000087900000, 0x0000000087a00000|  0%| F|  |TAMS 0x0000000087900000, 0x0000000087900000| Untracked 
| 114|0x0000000087a00000, 0x0000000087a00000, 0x0000000087b00000|  0%| F|  |TAMS 0x0000000087a00000, 0x0000000087a00000| Untracked 
| 115|0x0000000087b00000, 0x0000000087b00000, 0x0000000087c00000|  0%| F|  |TAMS 0x0000000087b00000, 0x0000000087b00000| Untracked 
| 116|0x0000000087c00000, 0x0000000087c00000, 0x0000000087d00000|  0%| F|  |TAMS 0x0000000087c00000, 0x0000000087c00000| Untracked 
| 117|0x0000000087d00000, 0x0000000087d00000, 0x0000000087e00000|  0%| F|  |TAMS 0x0000000087d00000, 0x0000000087d00000| Untracked 
| 118|0x0000000087e00000, 0x0000000087e00000, 0x0000000087f00000|  0%| F|  |TAMS 0x0000000087e00000, 0x0000000087e00000| Untracked 
| 119|0x0000000087f00000, 0x0000000087f00000, 0x0000000088000000|  0%| F|  |TAMS 0x0000000087f00000, 0x0000000087f00000| Untracked 
| 120|0x0000000088000000, 0x0000000088000000, 0x0000000088100000|  0%| F|  |TAMS 0x0000000088000000, 0x0000000088000000| Untracked 
| 121|0x0000000088100000, 0x0000000088100000, 0x0000000088200000|  0%| F|  |TAMS 0x0000000088100000, 0x0000000088100000| Untracked 
| 122|0x0000000088200000, 0x0000000088200000, 0x0000000088300000|  0%| F|  |TAMS 0x0000000088200000, 0x0000000088200000| Untracked 
| 123|0x0000000088300000, 0x0000000088300000, 0x0000000088400000|  0%| F|  |TAMS 0x0000000088300000, 0x0000000088300000| Untracked 
| 124|0x0000000088400000, 0x0000000088400000, 0x0000000088500000|  0%| F|  |TAMS 0x0000000088400000, 0x0000000088400000| Untracked 
| 125|0x0000000088500000, 0x0000000088500000, 0x0000000088600000|  0%| F|  |TAMS 0x0000000088500000, 0x0000000088500000| Untracked 
| 126|0x0000000088600000, 0x0000000088600000, 0x0000000088700000|  0%| F|  |TAMS 0x0000000088600000, 0x0000000088600000| Untracked 
| 127|0x0000000088700000, 0x0000000088700000, 0x0000000088800000|  0%| F|  |TAMS 0x0000000088700000, 0x0000000088700000| Untracked 
| 128|0x0000000088800000, 0x0000000088800000, 0x0000000088900000|  0%| F|  |TAMS 0x0000000088800000, 0x0000000088800000| Untracked 
| 129|0x0000000088900000, 0x0000000088900000, 0x0000000088a00000|  0%| F|  |TAMS 0x0000000088900000, 0x0000000088900000| Untracked 
| 130|0x0000000088a00000, 0x0000000088a00000, 0x0000000088b00000|  0%| F|  |TAMS 0x0000000088a00000, 0x0000000088a00000| Untracked 
| 131|0x0000000088b00000, 0x0000000088b00000, 0x0000000088c00000|  0%| F|  |TAMS 0x0000000088b00000, 0x0000000088b00000| Untracked 
| 132|0x0000000088c00000, 0x0000000088c00000, 0x0000000088d00000|  0%| F|  |TAMS 0x0000000088c00000, 0x0000000088c00000| Untracked 
| 133|0x0000000088d00000, 0x0000000088d00000, 0x0000000088e00000|  0%| F|  |TAMS 0x0000000088d00000, 0x0000000088d00000| Untracked 
| 134|0x0000000088e00000, 0x0000000088e00000, 0x0000000088f00000|  0%| F|  |TAMS 0x0000000088e00000, 0x0000000088e00000| Untracked 
| 135|0x0000000088f00000, 0x0000000088f00000, 0x0000000089000000|  0%| F|  |TAMS 0x0000000088f00000, 0x0000000088f00000| Untracked 
| 136|0x0000000089000000, 0x0000000089000000, 0x0000000089100000|  0%| F|  |TAMS 0x0000000089000000, 0x0000000089000000| Untracked 
| 137|0x0000000089100000, 0x000000008911be20, 0x0000000089200000| 10%| S|CS|TAMS 0x0000000089100000, 0x0000000089100000| Complete 
| 138|0x0000000089200000, 0x0000000089300000, 0x0000000089300000|100%| S|CS|TAMS 0x0000000089200000, 0x0000000089200000| Complete 
| 139|0x0000000089300000, 0x0000000089300000, 0x0000000089400000|  0%| F|  |TAMS 0x0000000089300000, 0x0000000089300000| Untracked 
| 140|0x0000000089400000, 0x0000000089400000, 0x0000000089500000|  0%| F|  |TAMS 0x0000000089400000, 0x0000000089400000| Untracked 
| 141|0x0000000089500000, 0x0000000089500000, 0x0000000089600000|  0%| F|  |TAMS 0x0000000089500000, 0x0000000089500000| Untracked 
| 142|0x0000000089600000, 0x00000000896ff2f0, 0x0000000089700000| 99%| E|  |TAMS 0x0000000089600000, 0x0000000089600000| Complete 
| 143|0x0000000089700000, 0x0000000089800000, 0x0000000089800000|100%| E|CS|TAMS 0x0000000089700000, 0x0000000089700000| Complete 
|2034|0x00000000ffa00000, 0x00000000ffb00000, 0x00000000ffb00000|100%| O|  |TAMS 0x00000000ffa00000, 0x00000000ffb00000| Untracked 
|2035|0x00000000ffb00000, 0x00000000ffc00000, 0x00000000ffc00000|100%| O|  |TAMS 0x00000000ffb00000, 0x00000000ffc00000| Untracked 
|2036|0x00000000ffc00000, 0x00000000ffd00000, 0x00000000ffd00000|100%| O|  |TAMS 0x00000000ffc00000, 0x00000000ffd00000| Untracked 
|2037|0x00000000ffd00000, 0x00000000ffe00000, 0x00000000ffe00000|100%| O|  |TAMS 0x00000000ffd00000, 0x00000000ffe00000| Untracked 
|2038|0x00000000ffe00000, 0x00000000fff00000, 0x00000000fff00000|100%| O|  |TAMS 0x00000000ffe00000, 0x00000000fff00000| Untracked 
|2039|0x00000000fff00000, 0x0000000100000000, 0x0000000100000000|100%| O|  |TAMS 0x00000000fff00000, 0x0000000100000000| Untracked 

Card table byte_map: [0x0000012fec100000,0x0000012fec500000] _byte_map_base: 0x0000012febcfc000

Marking Bits (Prev, Next): (CMBitMap*) 0x0000012fd36166a0, (CMBitMap*) 0x0000012fd3616660
 Prev Bits: [0x0000012fee8e0000, 0x0000012ff08c0000)
 Next Bits: [0x0000012fec900000, 0x0000012fee8e0000)

Polling page: 0x0000012fd3680000

Metaspace:

Usage:
  Non-class:     24.28 MB used.
      Class:      2.97 MB used.
       Both:     27.25 MB used.

Virtual space:
  Non-class space:       64.00 MB reserved,      24.56 MB ( 38%) committed,  1 nodes.
      Class space:        1.00 GB reserved,       3.19 MB ( <1%) committed,  1 nodes.
             Both:        1.06 GB reserved,      27.75 MB (  3%) committed. 

Chunk freelists:
   Non-Class:  3.36 MB
       Class:  656.00 KB
        Both:  4.00 MB

MaxMetaspaceSize: unlimited
CompressedClassSpaceSize: 1.00 GB
Initial GC threshold: 21.00 MB
Current GC threshold: 35.56 MB
CDS: on
MetaspaceReclaimPolicy: balanced
 - commit_granule_bytes: 65536.
 - commit_granule_words: 8192.
 - virtual_space_node_default_size: 8388608.
 - enlarge_chunks_in_place: 1.
 - new_chunks_are_fully_committed: 0.
 - uncommit_free_chunks: 1.
 - use_allocation_guard: 0.


Internal statistics:

num_allocs_failed_limit: 3.
num_arena_births: 386.
num_arena_deaths: 0.
num_vsnodes_births: 2.
num_vsnodes_deaths: 0.
num_space_committed: 444.
num_space_uncommitted: 0.
num_chunks_returned_to_freelist: 3.
num_chunks_taken_from_freelist: 1391.
num_chunk_merges: 3.
num_chunk_splits: 996.
num_chunks_enlarged: 763.
num_inconsistent_stats: 0.

CodeHeap 'non-profiled nmethods': size=120000Kb used=3062Kb max_used=3093Kb free=116937Kb
 bounds [0x0000012fe41b0000, 0x0000012fe44d0000, 0x0000012feb6e0000]
CodeHeap 'profiled nmethods': size=120000Kb used=12971Kb max_used=14154Kb free=107028Kb
 bounds [0x0000012fdcc80000, 0x0000012fdda80000, 0x0000012fe41b0000]
CodeHeap 'non-nmethods': size=5760Kb used=1242Kb max_used=1294Kb free=4517Kb
 bounds [0x0000012fdc6e0000, 0x0000012fdc950000, 0x0000012fdcc80000]
 total_blobs=6496 nmethods=5953 adapters=453
 compilation: enabled
              stopped_count=0, restarted_count=0
 full_count=0

Compilation events (20 events):
Event: 9.087 Thread 0x0000012ff2ea6890 nmethod 6857 0x0000012fdd0df790 code [0x0000012fdd0df920, 0x0000012fdd0dfa98]
Event: 9.089 Thread 0x0000012ff2ea6890 6858       1       java.time.Instant::getEpochSecond (5 bytes)
Event: 9.089 Thread 0x0000012ff2ea6890 nmethod 6858 0x0000012fe432fa90 code [0x0000012fe432fc20, 0x0000012fe432fcf8]
Event: 9.089 Thread 0x0000012ff2ea6890 6859       1       java.time.LocalDate::getYear (5 bytes)
Event: 9.089 Thread 0x0000012ff2ea6890 nmethod 6859 0x0000012fe432f790 code [0x0000012fe432f920, 0x0000012fe432f9f8]
Event: 9.089 Thread 0x0000012ff2ea6890 6860       1       org.codehaus.plexus.archiver.AbstractArchiver$AddedResourceCollection::access$000 (5 bytes)
Event: 9.089 Thread 0x0000012ff2ea6890 nmethod 6860 0x0000012fe432f410 code [0x0000012fe432f5a0, 0x0000012fe432f658]
Event: 9.093 Thread 0x0000012ff2ea6890 6861       3       java.io.FileInputStream::read (8 bytes)
Event: 9.093 Thread 0x0000012ff2ea6890 nmethod 6861 0x0000012fdd152710 code [0x0000012fdd1528a0, 0x0000012fdd1529e8]
Event: 9.104 Thread 0x0000012ff2ea6890 6862       1       org.codehaus.plexus.components.io.attributes.FileAttributes::getOctalMode (5 bytes)
Event: 9.104 Thread 0x0000012ff2ea6890 nmethod 6862 0x0000012fe4478590 code [0x0000012fe4478720, 0x0000012fe44787f8]
Event: 9.107 Thread 0x0000012ff2ea6890 6863   !   3       java.util.zip.Deflater::needsInput (55 bytes)
Event: 9.108 Thread 0x0000012ff2ea6890 nmethod 6863 0x0000012fdcfd9e10 code [0x0000012fdcfd9fc0, 0x0000012fdcfda378]
Event: 9.109 Thread 0x0000012ff2ea6890 6864       1       org.apache.commons.compress.archivers.zip.ZipArchiveEntry::getMethod (5 bytes)
Event: 9.109 Thread 0x0000012ff2ea6890 nmethod 6864 0x0000012fe4478290 code [0x0000012fe4478420, 0x0000012fe44784f8]
Event: 9.110 Thread 0x0000012ff2ea6890 6865       3       java.util.zip.Deflater::ensureOpen (47 bytes)
Event: 9.110 Thread 0x0000012ff2ea6890 nmethod 6865 0x0000012fdcfd9910 code [0x0000012fdcfd9ac0, 0x0000012fdcfd9d28]
Event: 9.115 Thread 0x0000012ff2ea6890 6866   !   3       java.util.zip.Deflater::finished (19 bytes)
Event: 9.115 Thread 0x0000012ff2ea6890 nmethod 6866 0x0000012fdcfd9490 code [0x0000012fdcfd9620, 0x0000012fdcfd9818]
Event: 9.122 Thread 0x0000012ff2ea6890 6867       3       java.time.LocalTime::ofNanoOfDay (68 bytes)

GC Heap History (20 events):
Event: 5.145 GC heap before
{Heap before GC invocations=4 (full 0):
 garbage-first heap   total 131072K, used 70520K [0x0000000080800000, 0x0000000100000000)
  region size 1024K, 66 young (67584K), 9 survivors (9216K)
 Metaspace       used 21169K, committed 21504K, reserved 1114112K
  class space    used 2350K, committed 2496K, reserved 1048576K
}
Event: 5.163 GC heap after
{Heap after GC invocations=5 (full 0):
 garbage-first heap   total 131072K, used 16352K [0x0000000080800000, 0x0000000100000000)
  region size 1024K, 5 young (5120K), 5 survivors (5120K)
 Metaspace       used 21169K, committed 21504K, reserved 1114112K
  class space    used 2350K, committed 2496K, reserved 1048576K
}
Event: 6.162 GC heap before
{Heap before GC invocations=6 (full 0):
 garbage-first heap   total 61440K, used 50144K [0x0000000080800000, 0x0000000100000000)
  region size 1024K, 36 young (36864K), 5 survivors (5120K)
 Metaspace       used 23058K, committed 23424K, reserved 1114112K
  class space    used 2525K, committed 2752K, reserved 1048576K
}
Event: 6.183 GC heap after
{Heap after GC invocations=7 (full 0):
 garbage-first heap   total 67584K, used 29697K [0x0000000080800000, 0x0000000100000000)
  region size 1024K, 5 young (5120K), 5 survivors (5120K)
 Metaspace       used 23058K, committed 23424K, reserved 1114112K
  class space    used 2525K, committed 2752K, reserved 1048576K
}
Event: 6.203 GC heap before
{Heap before GC invocations=7 (full 0):
 garbage-first heap   total 67584K, used 30721K [0x0000000080800000, 0x0000000100000000)
  region size 1024K, 6 young (6144K), 5 survivors (5120K)
 Metaspace       used 23093K, committed 23488K, reserved 1114112K
  class space    used 2527K, committed 2752K, reserved 1048576K
}
Event: 6.210 GC heap after
{Heap after GC invocations=8 (full 0):
 garbage-first heap   total 67584K, used 30619K [0x0000000080800000, 0x0000000100000000)
  region size 1024K, 1 young (1024K), 1 survivors (1024K)
 Metaspace       used 23093K, committed 23488K, reserved 1114112K
  class space    used 2527K, committed 2752K, reserved 1048576K
}
Event: 6.726 GC heap before
{Heap before GC invocations=8 (full 0):
 garbage-first heap   total 67584K, used 50075K [0x0000000080800000, 0x0000000100000000)
  region size 1024K, 20 young (20480K), 1 survivors (1024K)
 Metaspace       used 23977K, committed 24384K, reserved 1114112K
  class space    used 2604K, committed 2816K, reserved 1048576K
}
Event: 6.734 GC heap after
{Heap after GC invocations=9 (full 0):
 garbage-first heap   total 128000K, used 33792K [0x0000000080800000, 0x0000000100000000)
  region size 1024K, 3 young (3072K), 3 survivors (3072K)
 Metaspace       used 23977K, committed 24384K, reserved 1114112K
  class space    used 2604K, committed 2816K, reserved 1048576K
}
Event: 8.035 GC heap before
{Heap before GC invocations=9 (full 0):
 garbage-first heap   total 128000K, used 89088K [0x0000000080800000, 0x0000000100000000)
  region size 1024K, 55 young (56320K), 3 survivors (3072K)
 Metaspace       used 25389K, committed 25792K, reserved 1114112K
  class space    used 2751K, committed 2944K, reserved 1048576K
}
Event: 8.049 GC heap after
{Heap after GC invocations=10 (full 0):
 garbage-first heap   total 128000K, used 50276K [0x0000000080800000, 0x0000000100000000)
  region size 1024K, 7 young (7168K), 7 survivors (7168K)
 Metaspace       used 25389K, committed 25792K, reserved 1114112K
  class space    used 2751K, committed 2944K, reserved 1048576K
}
Event: 8.729 GC heap before
{Heap before GC invocations=10 (full 0):
 garbage-first heap   total 128000K, used 88164K [0x0000000080800000, 0x0000000100000000)
  region size 1024K, 43 young (44032K), 7 survivors (7168K)
 Metaspace       used 26723K, committed 27136K, reserved 1114112K
  class space    used 2879K, committed 3072K, reserved 1048576K
}
Event: 8.738 GC heap after
{Heap after GC invocations=11 (full 0):
 garbage-first heap   total 128000K, used 49894K [0x0000000080800000, 0x0000000100000000)
  region size 1024K, 3 young (3072K), 3 survivors (3072K)
 Metaspace       used 26723K, committed 27136K, reserved 1114112K
  class space    used 2879K, committed 3072K, reserved 1048576K
}
Event: 9.019 GC heap before
{Heap before GC invocations=11 (full 0):
 garbage-first heap   total 128000K, used 66278K [0x0000000080800000, 0x0000000100000000)
  region size 1024K, 11 young (11264K), 3 survivors (3072K)
 Metaspace       used 27780K, committed 28288K, reserved 1114112K
  class space    used 3023K, committed 3264K, reserved 1048576K
}
Event: 9.024 GC heap after
{Heap after GC invocations=12 (full 0):
 garbage-first heap   total 128000K, used 60014K [0x0000000080800000, 0x0000000100000000)
  region size 1024K, 4 young (4096K), 4 survivors (4096K)
 Metaspace       used 27780K, committed 28288K, reserved 1114112K
  class space    used 3023K, committed 3264K, reserved 1048576K
}
Event: 9.044 GC heap before
{Heap before GC invocations=12 (full 0):
 garbage-first heap   total 128000K, used 63086K [0x0000000080800000, 0x0000000100000000)
  region size 1024K, 5 young (5120K), 4 survivors (4096K)
 Metaspace       used 27890K, committed 28352K, reserved 1114112K
  class space    used 3038K, committed 3264K, reserved 1048576K
}
Event: 9.049 GC heap after
{Heap after GC invocations=13 (full 0):
 garbage-first heap   total 153600K, used 63165K [0x0000000080800000, 0x0000000100000000)
  region size 1024K, 2 young (2048K), 2 survivors (2048K)
 Metaspace       used 27890K, committed 28352K, reserved 1114112K
  class space    used 3038K, committed 3264K, reserved 1048576K
}
Event: 9.055 GC heap before
{Heap before GC invocations=13 (full 0):
 garbage-first heap   total 153600K, used 70333K [0x0000000080800000, 0x0000000100000000)
  region size 1024K, 4 young (4096K), 2 survivors (2048K)
 Metaspace       used 27898K, committed 28352K, reserved 1114112K
  class space    used 3040K, committed 3264K, reserved 1048576K
}
Event: 9.057 GC heap after
{Heap after GC invocations=14 (full 0):
 garbage-first heap   total 153600K, used 69191K [0x0000000080800000, 0x0000000100000000)
  region size 1024K, 2 young (2048K), 2 survivors (2048K)
 Metaspace       used 27898K, committed 28352K, reserved 1114112K
  class space    used 3040K, committed 3264K, reserved 1048576K
}
Event: 9.058 GC heap before
{Heap before GC invocations=14 (full 0):
 garbage-first heap   total 153600K, used 73287K [0x0000000080800000, 0x0000000100000000)
  region size 1024K, 5 young (5120K), 2 survivors (2048K)
 Metaspace       used 27898K, committed 28352K, reserved 1114112K
  class space    used 3040K, committed 3264K, reserved 1048576K
}
Event: 9.060 GC heap after
{Heap after GC invocations=15 (full 0):
 garbage-first heap   total 153600K, used 72236K [0x0000000080800000, 0x0000000100000000)
  region size 1024K, 2 young (2048K), 2 survivors (2048K)
 Metaspace       used 27898K, committed 28352K, reserved 1114112K
  class space    used 3040K, committed 3264K, reserved 1048576K
}

Deoptimization events (20 events):
Event: 8.451 Thread 0x0000012fd35b5000 DEOPT PACKING pc=0x0000012fe4267f34 sp=0x0000001755ffde60
Event: 8.451 Thread 0x0000012fd35b5000 DEOPT UNPACKING pc=0x0000012fdc7323a3 sp=0x0000001755ffdda8 mode 2
Event: 8.643 Thread 0x0000012fd35b5000 DEOPT PACKING pc=0x0000012fdd72d606 sp=0x0000001755ffcd10
Event: 8.643 Thread 0x0000012fd35b5000 DEOPT UNPACKING pc=0x0000012fdc732b43 sp=0x0000001755ffc270 mode 0
Event: 8.864 Thread 0x0000012fd35b5000 Uncommon trap: trap_request=0xffffff45 fr.pc=0x0000012fe434f43c relative=0x000000000000057c
Event: 8.864 Thread 0x0000012fd35b5000 Uncommon trap: reason=unstable_if action=reinterpret pc=0x0000012fe434f43c method=java.util.Properties$LineReader.readLine()I @ 464 c2
Event: 8.864 Thread 0x0000012fd35b5000 DEOPT PACKING pc=0x0000012fe434f43c sp=0x0000001755ffde30
Event: 8.864 Thread 0x0000012fd35b5000 DEOPT UNPACKING pc=0x0000012fdc7323a3 sp=0x0000001755ffdd80 mode 2
Event: 8.877 Thread 0x0000012fd35b5000 Uncommon trap: trap_request=0xffffffde fr.pc=0x0000012fe43522ec relative=0x000000000000254c
Event: 8.877 Thread 0x0000012fd35b5000 Uncommon trap: reason=class_check action=maybe_recompile pc=0x0000012fe43522ec method=org.apache.maven.model.Plugin.clone()Lorg/apache/maven/model/Plugin; @ 94 c2
Event: 8.877 Thread 0x0000012fd35b5000 DEOPT PACKING pc=0x0000012fe43522ec sp=0x0000001755ffdab0
Event: 8.877 Thread 0x0000012fd35b5000 DEOPT UNPACKING pc=0x0000012fdc7323a3 sp=0x0000001755ffdac0 mode 2
Event: 8.913 Thread 0x0000012fd35b5000 DEOPT PACKING pc=0x0000012fdd72d606 sp=0x0000001755ffd860
Event: 8.913 Thread 0x0000012fd35b5000 DEOPT UNPACKING pc=0x0000012fdc732b43 sp=0x0000001755ffcdc0 mode 0
Event: 9.052 Thread 0x0000012fd35b5000 Uncommon trap: trap_request=0xffffff45 fr.pc=0x0000012fe43f14b4 relative=0x0000000000000034
Event: 9.052 Thread 0x0000012fd35b5000 Uncommon trap: reason=unstable_if action=reinterpret pc=0x0000012fe43f14b4 method=java.util.concurrent.locks.AbstractQueuedSynchronizer.signalNext(Ljava/util/concurrent/locks/AbstractQueuedSynchronizer$Node;)V @ 1 c2
Event: 9.052 Thread 0x0000012fd35b5000 DEOPT PACKING pc=0x0000012fe43f14b4 sp=0x0000001755ffd910
Event: 9.052 Thread 0x0000012fd35b5000 DEOPT UNPACKING pc=0x0000012fdc7323a3 sp=0x0000001755ffd8a0 mode 2
Event: 9.053 Thread 0x0000012ff774d000 DEOPT PACKING pc=0x0000012fdd6aed31 sp=0x00000017577fecc0
Event: 9.053 Thread 0x0000012ff774d000 DEOPT UNPACKING pc=0x0000012fdc732b43 sp=0x00000017577fe118 mode 3

Classes loaded (20 events):
Event: 9.016 Loading class java/io/SequenceInputStream
Event: 9.016 Loading class java/io/SequenceInputStream done
Event: 9.026 Loading class java/util/concurrent/Executors$DefaultThreadFactory
Event: 9.026 Loading class java/util/concurrent/Executors$DefaultThreadFactory done
Event: 9.026 Loading class java/util/concurrent/ConcurrentLinkedDeque
Event: 9.026 Loading class java/util/concurrent/ConcurrentLinkedDeque done
Event: 9.026 Loading class java/util/concurrent/ConcurrentLinkedDeque$Node
Event: 9.026 Loading class java/util/concurrent/ConcurrentLinkedDeque$Node done
Event: 9.027 Loading class java/util/Vector$1
Event: 9.028 Loading class java/util/Vector$1 done
Event: 9.032 Loading class java/io/DataOutputStream
Event: 9.033 Loading class java/io/DataOutputStream done
Event: 9.043 Loading class java/util/concurrent/ThreadPoolExecutor$Worker
Event: 9.043 Loading class java/util/concurrent/ThreadPoolExecutor$Worker done
Event: 9.044 Loading class java/lang/Thread$State
Event: 9.044 Loading class java/lang/Thread$State done
Event: 9.051 Loading class java/util/concurrent/locks/AbstractQueuedSynchronizer$ConditionNode
Event: 9.051 Loading class java/util/concurrent/locks/AbstractQueuedSynchronizer$ConditionNode done
Event: 9.052 Loading class java/util/concurrent/locks/AbstractQueuedSynchronizer$ExclusiveNode
Event: 9.052 Loading class java/util/concurrent/locks/AbstractQueuedSynchronizer$ExclusiveNode done

Classes unloaded (0 events):
No events

Classes redefined (0 events):
No events

Internal exceptions (20 events):
Event: 8.077 Thread 0x0000012fd35b5000 Exception <a 'sun/nio/fs/WindowsException'{0x0000000087d546a8}> (0x0000000087d546a8) 
thrown [t:\workspace\open\src\hotspot\share\prims\jni.cpp, line 516]
Event: 8.077 Thread 0x0000012fd35b5000 Exception <a 'sun/nio/fs/WindowsException'{0x0000000087d7b808}> (0x0000000087d7b808) 
thrown [t:\workspace\open\src\hotspot\share\prims\jni.cpp, line 516]
Event: 8.077 Thread 0x0000012fd35b5000 Exception <a 'sun/nio/fs/WindowsException'{0x0000000087d7bb58}> (0x0000000087d7bb58) 
thrown [t:\workspace\open\src\hotspot\share\prims\jni.cpp, line 516]
Event: 8.077 Thread 0x0000012fd35b5000 Exception <a 'sun/nio/fs/WindowsException'{0x0000000087d7cb40}> (0x0000000087d7cb40) 
thrown [t:\workspace\open\src\hotspot\share\prims\jni.cpp, line 516]
Event: 8.077 Thread 0x0000012fd35b5000 Exception <a 'sun/nio/fs/WindowsException'{0x0000000087d7cf50}> (0x0000000087d7cf50) 
thrown [t:\workspace\open\src\hotspot\share\prims\jni.cpp, line 516]
Event: 8.100 Thread 0x0000012fd35b5000 Exception <a 'sun/nio/fs/WindowsException'{0x0000000087bc9ad8}> (0x0000000087bc9ad8) 
thrown [t:\workspace\open\src\hotspot\share\prims\jni.cpp, line 516]
Event: 8.101 Thread 0x0000012fd35b5000 Exception <a 'sun/nio/fs/WindowsException'{0x0000000087bca210}> (0x0000000087bca210) 
thrown [t:\workspace\open\src\hotspot\share\prims\jni.cpp, line 516]
Event: 8.101 Thread 0x0000012fd35b5000 Exception <a 'sun/nio/fs/WindowsException'{0x0000000087bca7d0}> (0x0000000087bca7d0) 
thrown [t:\workspace\open\src\hotspot\share\prims\jni.cpp, line 516]
Event: 8.101 Thread 0x0000012fd35b5000 Exception <a 'sun/nio/fs/WindowsException'{0x0000000087bcaee0}> (0x0000000087bcaee0) 
thrown [t:\workspace\open\src\hotspot\share\prims\jni.cpp, line 516]
Event: 8.101 Thread 0x0000012fd35b5000 Exception <a 'sun/nio/fs/WindowsException'{0x0000000087bcb1b0}> (0x0000000087bcb1b0) 
thrown [t:\workspace\open\src\hotspot\share\prims\jni.cpp, line 516]
Event: 8.101 Thread 0x0000012fd35b5000 Exception <a 'sun/nio/fs/WindowsException'{0x0000000087bcbe30}> (0x0000000087bcbe30) 
thrown [t:\workspace\open\src\hotspot\share\prims\jni.cpp, line 516]
Event: 8.101 Thread 0x0000012fd35b5000 Exception <a 'sun/nio/fs/WindowsException'{0x0000000087bcc0e0}> (0x0000000087bcc0e0) 
thrown [t:\workspace\open\src\hotspot\share\prims\jni.cpp, line 516]
Event: 8.101 Thread 0x0000012fd35b5000 Exception <a 'sun/nio/fs/WindowsException'{0x0000000087bccd58}> (0x0000000087bccd58) 
thrown [t:\workspace\open\src\hotspot\share\prims\jni.cpp, line 516]
Event: 8.440 Thread 0x0000012ff73e76f0 Exception <a 'java/lang/NoSuchMethodError'{0x0000000086d46720}: 'java.lang.Object java.lang.invoke.DirectMethodHandle$Holder.invokeStaticInit(java.lang.Object, java.lang.Object, long, java.lang.Object)'> (0x0000000086d46720) 
thrown [t:\workspace\open\src\hotspot\share\interpreter\linkResolver.cpp, line 766]
Event: 8.441 Thread 0x0000012ff73e76f0 Exception <a 'java/lang/NoSuchMethodError'{0x0000000086d4cbb8}: 'java.lang.Object java.lang.invoke.DirectMethodHandle$Holder.newInvokeSpecial(java.lang.Object, java.lang.Object, long)'> (0x0000000086d4cbb8) 
thrown [t:\workspace\open\src\hotspot\share\interpreter\linkResolver.cpp, line 766]
Event: 8.441 Thread 0x0000012ff73e76f0 Exception <a 'java/lang/NoSuchMethodError'{0x0000000086d50730}: 'java.lang.Object java.lang.invoke.Invokers$Holder.linkToTargetMethod(java.lang.Object, long, java.lang.Object)'> (0x0000000086d50730) 
thrown [t:\workspace\open\src\hotspot\share\interpreter\linkResolver.cpp, line 766]
Event: 8.448 Thread 0x0000012ff73e76f0 Exception <a 'java/lang/NoSuchMethodError'{0x0000000086d543e0}: 'long java.lang.invoke.DirectMethodHandle$Holder.invokeInterface(java.lang.Object, java.lang.Object)'> (0x0000000086d543e0) 
thrown [t:\workspace\open\src\hotspot\share\interpreter\linkResolver.cpp, line 766]
Event: 8.449 Thread 0x0000012ff73e76f0 Exception <a 'java/lang/NoSuchMethodError'{0x0000000086d57d40}: 'long java.lang.invoke.DelegatingMethodHandle$Holder.reinvoke_L(java.lang.Object, java.lang.Object)'> (0x0000000086d57d40) 
thrown [t:\workspace\open\src\hotspot\share\interpreter\linkResolver.cpp, line 766]
Event: 8.458 Thread 0x0000012fd35b5000 Exception <a 'java/lang/NoSuchMethodError'{0x0000000086b25f48}: 'java.lang.String org.apache.maven.execution.MavenExecutionRequest.getFailureBehavior()'> (0x0000000086b25f48) 
thrown [t:\workspace\open\src\hotspot\share\interpreter\linkResolver.cpp, line 862]
Event: 8.904 Thread 0x0000012fd35b5000 Exception <a 'java/lang/NoSuchMethodError'{0x000000008787cf90}: 'java.lang.Object java.lang.invoke.Invokers$Holder.invokeExact_MT(java.lang.Object, java.lang.Object, java.lang.Object, java.lang.Object, java.lang.Object, java.lang.Object)'> (0x000000008787cf90) 
thrown [t:\workspace\open\src\hotspot\share\interpreter\linkResolver.cpp, line 766]

VM Operations (20 events):
Event: 8.420 Executing VM operation: HandshakeAllThreads done
Event: 8.714 Executing VM operation: HandshakeAllThreads
Event: 8.714 Executing VM operation: HandshakeAllThreads done
Event: 8.724 Executing VM operation: HandshakeAllThreads
Event: 8.724 Executing VM operation: HandshakeAllThreads done
Event: 8.729 Executing VM operation: G1CollectForAllocation
Event: 8.738 Executing VM operation: G1CollectForAllocation done
Event: 8.882 Executing VM operation: HandshakeAllThreads
Event: 8.882 Executing VM operation: HandshakeAllThreads done
Event: 9.019 Executing VM operation: G1TryInitiateConcMark
Event: 9.024 Executing VM operation: G1TryInitiateConcMark done
Event: 9.029 Executing VM operation: HandshakeAllThreads
Event: 9.029 Executing VM operation: HandshakeAllThreads done
Event: 9.044 Executing VM operation: G1TryInitiateConcMark
Event: 9.049 Executing VM operation: G1TryInitiateConcMark done
Event: 9.055 Executing VM operation: G1TryInitiateConcMark
Event: 9.057 Executing VM operation: G1TryInitiateConcMark done
Event: 9.058 Executing VM operation: G1TryInitiateConcMark
Event: 9.060 Executing VM operation: G1TryInitiateConcMark done
Event: 9.122 Executing VM operation: G1Concurrent

Events (20 events):
Event: 7.574 Thread 0x0000012ff2ebad60 flushing nmethod 0x0000012fdd88f610
Event: 7.574 Thread 0x0000012ff2ebad60 flushing nmethod 0x0000012fdd890f90
Event: 7.574 Thread 0x0000012ff2ebad60 flushing nmethod 0x0000012fdd8a4690
Event: 7.574 Thread 0x0000012ff2ebad60 flushing nmethod 0x0000012fdd8a4d90
Event: 7.574 Thread 0x0000012ff2ebad60 flushing nmethod 0x0000012fdd8ad490
Event: 7.574 Thread 0x0000012ff2ebad60 flushing nmethod 0x0000012fdd8b4b90
Event: 7.574 Thread 0x0000012ff2ebad60 flushing nmethod 0x0000012fdd8b8310
Event: 7.574 Thread 0x0000012ff2ebad60 flushing nmethod 0x0000012fdd8b8790
Event: 7.574 Thread 0x0000012ff2ebad60 flushing nmethod 0x0000012fdd8c2b10
Event: 7.574 Thread 0x0000012ff2ebad60 flushing nmethod 0x0000012fdd8d4790
Event: 7.574 Thread 0x0000012ff2ebad60 flushing nmethod 0x0000012fdd8e4810
Event: 7.574 Thread 0x0000012ff2ebad60 flushing nmethod 0x0000012fdd8ef710
Event: 7.574 Thread 0x0000012ff2ebad60 flushing nmethod 0x0000012fdd8f9d10
Event: 7.574 Thread 0x0000012ff2ebad60 flushing nmethod 0x0000012fdd90f610
Event: 8.426 Thread 0x0000012ff73e76f0 Thread added: 0x0000012ff73e76f0
Event: 8.452 Thread 0x0000012ff73e76f0 Thread exited: 0x0000012ff73e76f0
Event: 9.044 Thread 0x0000012ff774d000 Thread added: 0x0000012ff774d000
Event: 9.050 Thread 0x0000012ffa4630e0 Thread added: 0x0000012ffa4630e0
Event: 9.051 Thread 0x0000012ff800f1b0 Thread added: 0x0000012ff800f1b0
Event: 9.052 Thread 0x0000012ff77c0c40 Thread added: 0x0000012ff77c0c40


Dynamic libraries:
0x00007ff684060000 - 0x00007ff684070000 	C:\Program Files\Java\jdk-18\bin\java.exe
0x00007ffcbad90000 - 0x00007ffcbaf87000 	C:\Windows\SYSTEM32\ntdll.dll
0x00007ffcb8df0000 - 0x00007ffcb8ead000 	C:\Windows\System32\KERNEL32.DLL
0x00007ffcb8b20000 - 0x00007ffcb8ded000 	C:\Windows\System32\KERNELBASE.dll
0x00007ffcb8700000 - 0x00007ffcb8800000 	C:\Windows\System32\ucrtbase.dll
0x00007ffca9ef0000 - 0x00007ffca9f08000 	C:\Program Files\Java\jdk-18\bin\jli.dll
0x00007ffcae710000 - 0x00007ffcae72a000 	C:\Program Files\Java\jdk-18\bin\VCRUNTIME140.dll
0x00007ffcb9d40000 - 0x00007ffcb9dee000 	C:\Windows\System32\ADVAPI32.dll
0x00007ffcba250000 - 0x00007ffcba2ee000 	C:\Windows\System32\msvcrt.dll
0x00007ffcb8f10000 - 0x00007ffcb8fac000 	C:\Windows\System32\sechost.dll
0x00007ffcb9e20000 - 0x00007ffcb9f45000 	C:\Windows\System32\RPCRT4.dll
0x00007ffcba2f0000 - 0x00007ffcba490000 	C:\Windows\System32\USER32.dll
0x00007ffcb8610000 - 0x00007ffcb8632000 	C:\Windows\System32\win32u.dll
0x00007ffcac640000 - 0x00007ffcac8da000 	C:\Windows\WinSxS\amd64_microsoft.windows.common-controls_6595b64144ccf1df_6.0.19041.1110_none_60b5254171f9507e\COMCTL32.dll
0x00007ffcb99d0000 - 0x00007ffcb99fa000 	C:\Windows\System32\GDI32.dll
0x00007ffcb8910000 - 0x00007ffcb8a1b000 	C:\Windows\System32\gdi32full.dll
0x00007ffcb8870000 - 0x00007ffcb890d000 	C:\Windows\System32\msvcp_win.dll
0x00007ffcb24d0000 - 0x00007ffcb24da000 	C:\Windows\SYSTEM32\VERSION.dll
0x00007ffcb9df0000 - 0x00007ffcb9e20000 	C:\Windows\System32\IMM32.DLL
0x00007ffcb37f0000 - 0x00007ffcb37fc000 	C:\Program Files\Java\jdk-18\bin\vcruntime140_1.dll
0x00007ffca2bc0000 - 0x00007ffca2c4d000 	C:\Program Files\Java\jdk-18\bin\msvcp140.dll
0x00007ffc77720000 - 0x00007ffc78331000 	C:\Program Files\Java\jdk-18\bin\server\jvm.dll
0x00007ffcba8d0000 - 0x00007ffcba8d8000 	C:\Windows\System32\PSAPI.DLL
0x00007ffcb4d10000 - 0x00007ffcb4d19000 	C:\Windows\SYSTEM32\WSOCK32.dll
0x00007ffcb90c0000 - 0x00007ffcb912b000 	C:\Windows\System32\WS2_32.dll
0x00007ffcb19a0000 - 0x00007ffcb19c7000 	C:\Windows\SYSTEM32\WINMM.dll
0x00007ffcb63d0000 - 0x00007ffcb63e2000 	C:\Windows\SYSTEM32\kernel.appcore.dll
0x00007ffcb4d00000 - 0x00007ffcb4d0a000 	C:\Program Files\Java\jdk-18\bin\jimage.dll
0x00007ffca8a60000 - 0x00007ffca8c44000 	C:\Windows\SYSTEM32\DBGHELP.DLL
0x00007ffca8930000 - 0x00007ffca895c000 	C:\Windows\SYSTEM32\dbgcore.DLL
0x00007ffcb8640000 - 0x00007ffcb86c2000 	C:\Windows\System32\bcryptPrimitives.dll
0x00007ffcac610000 - 0x00007ffcac635000 	C:\Program Files\Java\jdk-18\bin\java.dll
0x00007ffc78ac0000 - 0x00007ffc78b96000 	C:\Program Files\Java\jdk-18\bin\jsvml.dll
0x00007ffcb9280000 - 0x00007ffcb99c4000 	C:\Windows\System32\SHELL32.dll
0x00007ffcb65d0000 - 0x00007ffcb6d64000 	C:\Windows\SYSTEM32\windows.storage.dll
0x00007ffcba560000 - 0x00007ffcba8b4000 	C:\Windows\System32\combase.dll
0x00007ffcb7e40000 - 0x00007ffcb7e6c000 	C:\Windows\SYSTEM32\Wldp.dll
0x00007ffcb9c30000 - 0x00007ffcb9cdd000 	C:\Windows\System32\SHCORE.dll
0x00007ffcb9060000 - 0x00007ffcb90b5000 	C:\Windows\System32\shlwapi.dll
0x00007ffcb83f0000 - 0x00007ffcb840f000 	C:\Windows\SYSTEM32\profapi.dll
0x00007ffcae6f0000 - 0x00007ffcae703000 	C:\Program Files\Java\jdk-18\bin\net.dll
0x00007ffcaf8e0000 - 0x00007ffcaf9ea000 	C:\Windows\SYSTEM32\WINHTTP.dll
0x00007ffcb7ba0000 - 0x00007ffcb7c0a000 	C:\Windows\system32\mswsock.dll
0x00007ffcae6d0000 - 0x00007ffcae6e6000 	C:\Program Files\Java\jdk-18\bin\nio.dll
0x00007ffcac5b0000 - 0x00007ffcac5c8000 	C:\Program Files\Java\jdk-18\bin\zip.dll
0x0000000069ac0000 - 0x0000000069ae4000 	C:\apache-maven-3.8.5\lib\jansi-native\Windows\x86_64\jansi.dll
0x00007ffcb4cf0000 - 0x00007ffcb4d00000 	C:\Program Files\Java\jdk-18\bin\verify.dll

dbghelp: loaded successfully - version: 4.0.5 - missing functions: none
symbol engine: initialized successfully - sym options: 0x614 - pdb path: .;C:\Program Files\Java\jdk-18\bin;C:\Windows\SYSTEM32;C:\Windows\WinSxS\amd64_microsoft.windows.common-controls_6595b64144ccf1df_6.0.19041.1110_none_60b5254171f9507e;C:\Program Files\Java\jdk-18\bin\server;C:\apache-maven-3.8.5\lib\jansi-native\Windows\x86_64

VM Arguments:
jvm_args: -Dclassworlds.conf=C:/apache-maven-3.8.5/bin/m2.conf -Dmaven.home=C:/apache-maven-3.8.5 -Dlibrary.jansi.path=C:/apache-maven-3.8.5/lib/jansi-native -Dmaven.multiModuleProjectDirectory=C:/Users/Gabriel/Documents/Project/News 
java_command: org.codehaus.plexus.classworlds.launcher.Launcher install -DskipTests
java_class_path (initial): C:/apache-maven-3.8.5/boot/plexus-classworlds-2.6.0.jar
Launcher Type: SUN_STANDARD

[Global flags]
     intx CICompilerCount                          = 3                                         {product} {ergonomic}
     uint ConcGCThreads                            = 1                                         {product} {ergonomic}
     uint G1ConcRefinementThreads                  = 4                                         {product} {ergonomic}
   size_t G1HeapRegionSize                         = 1048576                                   {product} {ergonomic}
    uintx GCDrainStackTargetSize                   = 64                                        {product} {ergonomic}
   size_t InitialHeapSize                          = 134217728                                 {product} {ergonomic}
   size_t MarkStackSize                            = 4194304                                   {product} {ergonomic}
   size_t MaxHeapSize                              = 2139095040                                {product} {ergonomic}
   size_t MaxNewSize                               = 1283457024                                {product} {ergonomic}
   size_t MinHeapDeltaBytes                        = 1048576                                   {product} {ergonomic}
   size_t MinHeapSize                              = 8388608                                   {product} {ergonomic}
    uintx NonNMethodCodeHeapSize                   = 5832780                                {pd product} {ergonomic}
    uintx NonProfiledCodeHeapSize                  = 122912730                              {pd product} {ergonomic}
    uintx ProfiledCodeHeapSize                     = 122912730                              {pd product} {ergonomic}
    uintx ReservedCodeCacheSize                    = 251658240                              {pd product} {ergonomic}
     bool SegmentedCodeCache                       = true                                      {product} {ergonomic}
   size_t SoftMaxHeapSize                          = 2139095040                             {manageable} {ergonomic}
     bool UseCompressedClassPointers               = true                           {product lp64_product} {ergonomic}
     bool UseCompressedOops                        = true                           {product lp64_product} {ergonomic}
     bool UseG1GC                                  = true                                      {product} {ergonomic}
     bool UseLargePagesIndividualAllocation        = false                                  {pd product} {ergonomic}

Logging:
Log output configuration:
 #0: stdout all=warning uptime,level,tags foldmultilines=false
 #1: stderr all=off uptime,level,tags foldmultilines=false

Environment Variables:
JAVA_HOME=C:/Program Files/Java/jdk-18
PATH=C:\Users\Gabriel\bin;C:\Program Files\Git\mingw64\bin;C:\Program Files\Git\usr\local\bin;C:\Program Files\Git\usr\bin;C:\Program Files\Git\usr\bin;C:\Program Files\Git\mingw64\bin;C:\Program Files\Git\usr\bin;C:\Users\Gabriel\bin;C:\Program Files (x86)\VMware\VMware Workstation\bin;C:\Program Files\Common Files\Oracle\Java\javapath;C:\Windows\system32;C:\Windows;C:\Windows\System32\Wbem;C:\Windows\System32\WindowsPowerShell\v1.0;C:\Windows\System32\OpenSSH;C:\Program Files (x86)\NVIDIA Corporation\PhysX\Common;C:\Program Files\Git\cmd;C:\Program Files\PuTTY;C:\apache-maven-3.8.5;C:\Users\Gabriel\AppData\Local\Microsoft\WindowsApps;C:\apache-maven-3.8.5\bin;C:\Program Files\Java\jdk-18\bin;C:\Program Files\Git\usr\bin\vendor_perl;C:\Program Files\Git\usr\bin\core_perl
USERNAME=Gabriel
SHELL=C:\Program Files\Git\usr\bin\bash.exe
DISPLAY=needs-to-be-defined
LC_CTYPE=pt_BR.UTF-8
OS=Windows_NT
PROCESSOR_IDENTIFIER=Intel64 Family 6 Model 58 Stepping 9, GenuineIntel



---------------  S Y S T E M  ---------------

OS:
 Windows 10 , 64 bit Build 19041 (10.0.19041.1741)
OS uptime: 0 days 0:59 hours

CPU: total 4 (initial active 4) (2 cores per cpu, 2 threads per core) family 6 model 58 stepping 9 microcode 0x21, cx8, cmov, fxsr, ht, mmx, sse, sse2, sse3, ssse3, sse4.1, sse4.2, popcnt, tsc, tscinvbit, avx, erms, clmul, vzeroupper, clflush

Memory: 4k page, system-wide physical 8155M (2968M free)
TotalPageFile size 10587M (AvailPageFile size 4500M)
current process WorkingSet (physical memory assigned to process): 265M, peak: 268M
current process commit charge ("private bytes"): 319M, peak: 322M

vm_info: Java HotSpot(TM) 64-Bit Server VM (18+36-2087) for windows-amd64 JRE (18+36-2087), built on Feb 15 2022 09:43:11 by "mach5one" with MS VC++ 16.8 / 16.9 (VS2019)

END.
